[INFO] [launch]: All log files can be found below /home/hydrau/.ros/log/2026-05-18-16-19-32-893252-hydrau-49386
[INFO] [launch]: Default logging verbosity is set to INFO
[INFO] [novatel_oem7_driver_exe-1]: process started with pid [49431]
[novatel_oem7_driver_exe-1] [INFO] [1779135573.007736814] [novatel.oem7.main]: Oem7RawMsg:  topic [oem7raw]: frame_id: 'gps'; q size: 200
[novatel_oem7_driver_exe-1] [INFO] [1779135573.009143388] [novatel.oem7.main]: Oem7MessageNode v.; Apr 27 2026 13:27:57
[novatel_oem7_driver_exe-1] [INFO] [1779135573.018181598] [novatel.oem7.main]: Oem7MessageDecoderLib version: 10.1.0
[novatel_oem7_driver_exe-1] [INFO] [1779135573.019311473] [novatel.oem7.main]: PPPPOS:  topic [ppppos]: frame_id: 'gps'; q size: 100
[novatel_oem7_driver_exe-1] [INFO] [1779135573.020159802] [novatel.oem7.main]: BESTPOS:  topic [bestpos]: frame_id: 'gps'; q size: 100
[novatel_oem7_driver_exe-1] [INFO] [1779135573.020685147] [novatel.oem7.main]: BESTVEL:  topic [bestvel]: frame_id: 'gps'; q size: 100
[novatel_oem7_driver_exe-1] [INFO] [1779135573.021207639] [novatel.oem7.main]: BESTUTM:  topic [bestutm]: frame_id: 'gps'; q size: 100
[novatel_oem7_driver_exe-1] [INFO] [1779135573.021773097] [novatel.oem7.main]: BESTGNSSPOS:  topic [bestgnsspos]: frame_id: 'gps'; q size: 100
[novatel_oem7_driver_exe-1] [INFO] [1779135573.022683664] [novatel.oem7.main]: INSPVA:  topic [inspva]: frame_id: 'gps'; q size: 100
[novatel_oem7_driver_exe-1] [INFO] [1779135573.024030320] [novatel.oem7.main]: GPSFix:  topic [gps]: frame_id: 'gps'; q size: 100
[novatel_oem7_driver_exe-1] [INFO] [1779135573.025203603] [novatel.oem7.main]: NavSatFix:  topic [fix]: frame_id: 'gps'; q size: 100
[novatel_oem7_driver_exe-1] [INFO] [1779135573.026700251] [novatel.oem7.main]: GPSFix position source: BESTPOS or INSPVAS based on quality
[novatel_oem7_driver_exe-1] [INFO] [1779135573.027851312] [novatel.oem7.main]: IMU:  topic [imu/data]: frame_id: 'imu_link'; q size: 100
[novatel_oem7_driver_exe-1] [INFO] [1779135573.029138833] [novatel.oem7.main]: RAWIMU:  topic [imu/data_raw]: frame_id: 'imu_link'; q size: 100
[novatel_oem7_driver_exe-1] [INFO] [1779135573.030145527] [novatel.oem7.main]: CORRIMU:  topic [corrimu]: frame_id: 'gps'; q size: 100
[novatel_oem7_driver_exe-1] [INFO] [1779135573.031413314] [novatel.oem7.main]: INSSTDEV:  topic [insstdev]: frame_id: 'gps'; q size: 10
[novatel_oem7_driver_exe-1] [INFO] [1779135573.032710655] [novatel.oem7.main]: INSPVAX:  topic [inspvax]: frame_id: 'gps'; q size: 10
[novatel_oem7_driver_exe-1] [INFO] [1779135573.034064368] [novatel.oem7.main]: INSCONFIG:  topic [insconfig]: frame_id: 'gps'; q size: 10
[novatel_oem7_driver_exe-1] [INFO] [1779135573.035181036] [novatel.oem7.main]: HEADING2:  topic [heading2]: frame_id: 'gps'; q size: 100
[novatel_oem7_driver_exe-1] [INFO] [1779135573.036149865] [novatel.oem7.main]: RXSTATUS:  topic [rxstatus]: frame_id: 'gps'; q size: 10
[novatel_oem7_driver_exe-1] [INFO] [1779135573.037713826] [novatel.oem7.main]: TERRASTARINFO:  topic [terrastarinfo]: frame_id: 'gps'; q size: 100
[novatel_oem7_driver_exe-1] [INFO] [1779135573.038958398] [novatel.oem7.main]: TERRASTARSTATUS:  topic [terrastarstatus]: frame_id: 'gps'; q size: 100
[novatel_oem7_driver_exe-1] [INFO] [1779135573.040325327] [novatel.oem7.main]: TIME:  topic [time]: frame_id: 'gps'; q size: 100
[novatel_oem7_driver_exe-1] [WARN] [1779135573.041681528] [novatel.oem7.main]: Message 'NMEA_Sentence' will not be published.
[novatel_oem7_driver_exe-1] [INFO] [1779135573.042601938] [novatel.oem7.main]: Odometry:  topic [odom]: frame_id: 'odom'; q size: 100
[novatel_oem7_driver_exe-1] [INFO] [1779135573.044330650] [novatel.oem7.main]: OdometryOrigin:  topic [odom_origin]: frame_id: 'odom'; q size: 100
[novatel_oem7_driver_exe-1] [INFO] [1779135573.051244687] [novatel.oem7.main]: Oem7 Raw message '42' will be published.
[novatel_oem7_driver_exe-1] [INFO] [1779135573.051290594] [novatel.oem7.main]: Oem7 Raw message '99' will be published.
[novatel_oem7_driver_exe-1] [INFO] [1779135573.051313555] [novatel.oem7.main]: Oem7 Raw message '1429' will be published.
[novatel_oem7_driver_exe-1] [INFO] [1779135573.051334585] [novatel.oem7.main]: Oem7 Raw message '1538' will be published.
[novatel_oem7_driver_exe-1] [INFO] [1779135573.051354893] [novatel.oem7.main]: Oem7 Raw message '1465' will be published.
[novatel_oem7_driver_exe-1] [INFO] [1779135573.051374974] [novatel.oem7.main]: Oem7 Raw message '1825' will be published.
[novatel_oem7_driver_exe-1] [INFO] [1779135573.051395266] [novatel.oem7.main]: Oem7 Raw message '1462' will be published.
[novatel_oem7_driver_exe-1] [INFO] [1779135573.051416829] [novatel.oem7.main]: Oem7 Raw message '41' will be published.
[novatel_oem7_driver_exe-1] [INFO] [1779135573.051437447] [novatel.oem7.main]: Oem7 Raw message '723' will be published.
[novatel_oem7_driver_exe-1] [INFO] [1779135573.051457713] [novatel.oem7.main]: Oem7 Raw message '1696' will be published.
[novatel_oem7_driver_exe-1] [INFO] [1779135573.051478210] [novatel.oem7.main]: Oem7 Raw message '1310' will be published.
[novatel_oem7_driver_exe-1] [INFO] [1779135573.051498272] [novatel.oem7.main]: Oem7 Raw message '1309' will be published.
[novatel_oem7_driver_exe-1] [INFO] [1779135573.051517858] [novatel.oem7.main]: Oem7 Raw message '43' will be published.
[novatel_oem7_driver_exe-1] [INFO] [1779135573.051537702] [novatel.oem7.main]: Oem7 Raw message '1335' will be published.
[novatel_oem7_driver_exe-1] [INFO] [1779135573.051609668] [novatel.oem7.main]: Oem7 Raw message '101' will be published.
[novatel_oem7_driver_exe-1] [INFO] [1779135573.051635434] [novatel.oem7.main]: Oem7 Raw message '93' will be published.
[novatel_oem7_driver_exe-1] [INFO] [1779135573.051655954] [novatel.oem7.main]: Oem7 Raw message '1945' will be published.
[novatel_oem7_driver_exe-1] [INFO] [1779135573.051675671] [novatel.oem7.main]: Oem7 Raw message '1719' will be published.
[novatel_oem7_driver_exe-1] [INFO] [1779135573.051695931] [novatel.oem7.main]: Oem7 Raw message '1720' will be published.
[novatel_oem7_driver_exe-1] [INFO] [1779135573.053225282] [novatel.oem7.main]: Oem7Net TCP['192.168.3.100' : 3001]
[novatel_oem7_driver_exe-1] [INFO] [1779135573.054420897] [novatel.oem7.main]: Oem7Net socket open: '1; OS error= 0
[novatel_oem7_driver_exe-1] [INFO] [1779135573.101909472] [novatel.oem7.main]: Standard Receiver Initialization:
[novatel_oem7_driver_exe-1] [INFO] [1779135573.365309012] [novatel.oem7.main]: AACmd 'UNLOGALL THISPORT' : 'OK'
[novatel_oem7_driver_exe-1] [INFO] [1779135573.387089955] [novatel.oem7.main]: AACmd 'LOG INSCONFIGB ONCE' : 'OK'
[novatel_oem7_driver_exe-1] [INFO] [1779135573.397877011] [novatel.oem7.main]: AACmd 'LOG TERRASTARINFOB ONCE' : 'OK'
[novatel_oem7_driver_exe-1] [INFO] [1779135573.412217355] [novatel.oem7.main]: AACmd 'LOG TERRASTARSTATUSB ONCE' : 'OK'
[novatel_oem7_driver_exe-1] [INFO] [1779135573.441782717] [novatel.oem7.main]: AACmd 'LOG TERRASTARINFOB ONTIME 300' : 'OK'
[novatel_oem7_driver_exe-1] [INFO] [1779135573.458771513] [novatel.oem7.main]: AACmd 'LOG TERRASTARSTATUSB ONTIME 300' : 'OK'
[novatel_oem7_driver_exe-1] [INFO] [1779135573.470711467] [novatel.oem7.main]: AACmd 'LOG INSCONFIGB ONTIME 300' : 'OK'
[novatel_oem7_driver_exe-1] [INFO] [1779135573.484096596] [novatel.oem7.main]: AACmd 'LOG RXSTATUSB ONCHANGED' : 'OK'
[novatel_oem7_driver_exe-1] [INFO] [1779135573.499849837] [novatel.oem7.main]: AACmd 'LOG BESTPOSB ONTIME 0.1' : 'OK'
[novatel_oem7_driver_exe-1] [INFO] [1779135573.512922272] [novatel.oem7.main]: AACmd 'LOG BESTVELB ONTIME 0.1' : 'OK'
[novatel_oem7_driver_exe-1] [INFO] [1779135573.546781648] [novatel.oem7.main]: AACmd 'LOG BESTUTMB ONTIME 1' : 'OK'
[novatel_oem7_driver_exe-1] [INFO] [1779135573.558425463] [novatel.oem7.main]: AACmd 'LOG BESTGNSSPOSB ONTIME 0.1' : 'OK'
[novatel_oem7_driver_exe-1] [INFO] [1779135573.572574577] [novatel.oem7.main]: AACmd 'LOG PPPPOSB ONTIME 1' : 'OK'
[novatel_oem7_driver_exe-1] [INFO] [1779135573.597161487] [novatel.oem7.main]: AACmd 'LOG HEADING2B ONNEW' : 'OK'
[novatel_oem7_driver_exe-1] [INFO] [1779135573.606772924] [novatel.oem7.main]: AACmd 'LOG PSRDOP2B ONCHANGED' : 'OK'
[novatel_oem7_driver_exe-1] [INFO] [1779135573.620274082] [novatel.oem7.main]: AACmd 'LOG INSPVASB ONTIME 0.02' : 'OK'
[novatel_oem7_driver_exe-1] [INFO] [1779135573.637194541] [novatel.oem7.main]: IMU: 41 'Epson G320N' rate= 125' gyro scale= 1.70442e-11' accel scale= 2.3942e-10
[novatel_oem7_driver_exe-1] [INFO] [1779135573.642880230] [novatel.oem7.main]: AACmd 'LOG INSPVAXB ONTIME 1' : 'OK'
[novatel_oem7_driver_exe-1] [INFO] [1779135573.653380501] [novatel.oem7.main]: AACmd 'LOG CORRIMUSB ONTIME 0.01' : 'OK'
[novatel_oem7_driver_exe-1] [INFO] [1779135573.661984758] [novatel.oem7.main]: AACmd 'LOG INSSTDEVB ONTIME 1' : 'OK'
[novatel_oem7_driver_exe-1] [INFO] [1779135573.670786994] [novatel.oem7.main]: AACmd 'LOG RAWIMUSXB ONNEW' : 'OK'
[novatel_oem7_driver_exe-1] [INFO] [1779135573.685546544] [novatel.oem7.main]: AACmd 'LOG TIMEB ONTIME 1' : 'OK'
[novatel_oem7_driver_exe-1] [INFO] [1779135573.698743845] [novatel.oem7.main]: AACmd 'LOG INSUPDATESTATUSB ONNEW' : 'OK'
[novatel_oem7_driver_exe-1] [INFO] [1779135573.709154390] [novatel.oem7.main]: AACmd 'LOG RAWEPHEMB ONNEW' : 'OK'
[novatel_oem7_driver_exe-1] [INFO] [1779135573.718628315] [novatel.oem7.main]: AACmd 'LOG GLOEPHEMERISB ONNEW' : 'OK'
[novatel_oem7_driver_exe-1] [INFO] [1779135573.741385985] [novatel.oem7.main]: AACmd 'LOG BDSEPHEMERISB ONNEW' : 'OK'
[novatel_oem7_driver_exe-1] [INFO] [1779135573.750090249] [novatel.oem7.main]: AACmd 'LOG GALFNAVEPHEMERISB ONNEW' : 'OK'
[novatel_oem7_driver_exe-1] [INFO] [1779135573.760289370] [novatel.oem7.main]: AACmd 'LOG GALINAVEPHEMERISB ONNEW' : 'OK'
[novatel_oem7_driver_exe-1] [INFO] [1779135573.769636438] [novatel.oem7.main]: AACmd 'LOG RANGEB ONTIME 1' : 'OK'
[novatel_oem7_driver_exe-1] [INFO] [1779135573.769689613] [novatel.oem7.main]: Extended Receiver Initialization:
[novatel_oem7_driver_exe-1] [INFO] [1779135573.769740381] [novatel.oem7.main]: Receiver Initialization completed, errors= 0
[novatel_oem7_driver_exe-1] [INFO] [1779135573.785060722] [novatel.oem7.main]: GPSFix position source= INSPVA: 0 --> 0 at GPSTime[2419 159591760]
[novatel_oem7_driver_exe-1] [ERROR] [1779135573.785146137] [novatel.oem7.main]: No BESTPOS or INSPVAX to get undulation
[novatel_oem7_driver_exe-1] [ERROR] [1779135573.804747068] [novatel.oem7.main]: No BESTPOS or INSPVAX to get undulation
[novatel_oem7_driver_exe-1] [ERROR] [1779135573.826203381] [novatel.oem7.main]: No BESTPOS or INSPVAX to get undulation
[novatel_oem7_driver_exe-1] [INFO] [1779135574.030796925] [novatel.oem7.main]: UTM new Zone:  -1 --> 18; N: 1 X: 435021 Y: 4.39061e+06
[novatel_oem7_driver_exe-1] [INFO] [1779135574.044488002] [novatel.oem7.main]: GPSFix position source= INSPVA: 0 --> 1 at GPSTime[2419 159592020]
[novatel_oem7_driver_exe-1] [INFO] [1779135582.027745098] [novatel.oem7.main]: IMU: 41 'Epson G320N' rate= 125' gyro scale= 1.70442e-11' accel scale= 2.3942e-10
[novatel_oem7_driver_exe-1] [INFO] [1779135601.977249125] [novatel.oem7.main]: Log Statistics:
[novatel_oem7_driver_exe-1] [INFO] [1779135601.977431485] [novatel.oem7.main]: Logs: 10000; unknown: 56; discarded: 56
[novatel_oem7_driver_exe-1] [INFO] [1779135601.977469632] [novatel.oem7.main]: Log[41]:14
[novatel_oem7_driver_exe-1] [INFO] [1779135601.977494418] [novatel.oem7.main]: Log[42]:289
[novatel_oem7_driver_exe-1] [INFO] [1779135601.977517087] [novatel.oem7.main]: Log[43]:28
[novatel_oem7_driver_exe-1] [INFO] [1779135601.977539402] [novatel.oem7.main]: Log[93]:1
[novatel_oem7_driver_exe-1] [INFO] [1779135601.977562785] [novatel.oem7.main]: Log[99]:288
[novatel_oem7_driver_exe-1] [INFO] [1779135601.977586753] [novatel.oem7.main]: Log[101]:31
[novatel_oem7_driver_exe-1] [INFO] [1779135601.977610575] [novatel.oem7.main]: Log[508]:1590
[novatel_oem7_driver_exe-1] [INFO] [1779135601.977634081] [novatel.oem7.main]: Log[723]:4
[novatel_oem7_driver_exe-1] [INFO] [1779135601.977656767] [novatel.oem7.main]: Log[726]:28
[novatel_oem7_driver_exe-1] [INFO] [1779135601.977679246] [novatel.oem7.main]: Log[1163]:2
[novatel_oem7_driver_exe-1] [INFO] [1779135601.977701371] [novatel.oem7.main]: Log[1335]:29
[novatel_oem7_driver_exe-1] [INFO] [1779135601.977723793] [novatel.oem7.main]: Log[1429]:304
[novatel_oem7_driver_exe-1] [INFO] [1779135601.977746722] [novatel.oem7.main]: Log[1462]:4125
[novatel_oem7_driver_exe-1] [INFO] [1779135601.977769880] [novatel.oem7.main]: Log[1465]:28
[novatel_oem7_driver_exe-1] [INFO] [1779135601.977792846] [novatel.oem7.main]: Log[1538]:28
[novatel_oem7_driver_exe-1] [INFO] [1779135601.977815422] [novatel.oem7.main]: Log[1719]:2
[novatel_oem7_driver_exe-1] [INFO] [1779135601.977837814] [novatel.oem7.main]: Log[1729]:2
[novatel_oem7_driver_exe-1] [INFO] [1779135601.977860029] [novatel.oem7.main]: Log[1825]:33
[novatel_oem7_driver_exe-1] [INFO] [1779135601.977882218] [novatel.oem7.main]: Log[1945]:2
[novatel_oem7_driver_exe-1] [INFO] [1779135601.977904563] [novatel.oem7.main]: Log[2051]:28
[novatel_oem7_driver_exe-1] [INFO] [1779135601.977926859] [novatel.oem7.main]: Log[2264]:3144
