threaded mqtt broker listening on 0.0.0.0:1883
1779109765.654300 accept ('127.0.0.1', 52178)
1779109765.656308 subscribe ('127.0.0.1', 52178) ipi/sunny-run-1/latency/av-1/request
1779109772.639632 accept ('10.120.121.46', 44032)
1779109772.689446 subscribe ('10.120.121.46', 44032) ipi/sunny-run-1/latency/av-1/ack
1779109774.412460 publish topic=ipi/sunny-run-1/latency/av-1/request bytes=131400 forwarded=1
1779109774.414442 publish topic=ipi/sunny-run-1/latency/av-1/ack bytes=233 forwarded=1
1779109776.234028 publish topic=ipi/sunny-run-1/latency/av-1/request bytes=131400 forwarded=1
1779109776.235332 publish topic=ipi/sunny-run-1/latency/av-1/ack bytes=233 forwarded=1
1779109778.287001 publish topic=ipi/sunny-run-1/latency/av-1/request bytes=131400 forwarded=1
1779109778.287827 publish topic=ipi/sunny-run-1/latency/av-1/ack bytes=233 forwarded=1
1779109780.460134 publish topic=ipi/sunny-run-1/latency/av-1/request bytes=131400 forwarded=1
1779109780.461012 publish topic=ipi/sunny-run-1/latency/av-1/ack bytes=233 forwarded=1
1779109782.882962 publish topic=ipi/sunny-run-1/latency/av-1/request bytes=131400 forwarded=1
1779109782.883730 publish topic=ipi/sunny-run-1/latency/av-1/ack bytes=233 forwarded=1
1779109784.635669 publish topic=ipi/sunny-run-1/latency/av-1/request bytes=131400 forwarded=1
1779109784.636438 publish topic=ipi/sunny-run-1/latency/av-1/ack bytes=233 forwarded=1
1779109786.587742 publish topic=ipi/sunny-run-1/latency/av-1/request bytes=131400 forwarded=1
1779109786.588571 publish topic=ipi/sunny-run-1/latency/av-1/ack bytes=233 forwarded=1
1779109788.510994 publish topic=ipi/sunny-run-1/latency/av-1/request bytes=131400 forwarded=1
1779109788.511765 publish topic=ipi/sunny-run-1/latency/av-1/ack bytes=233 forwarded=1
1779109790.392939 publish topic=ipi/sunny-run-1/latency/av-1/request bytes=131400 forwarded=1
1779109790.393732 publish topic=ipi/sunny-run-1/latency/av-1/ack bytes=233 forwarded=1
1779109792.265993 publish topic=ipi/sunny-run-1/latency/av-1/request bytes=131402 forwarded=1
1779109792.266780 publish topic=ipi/sunny-run-1/latency/av-1/ack bytes=234 forwarded=1
1779109794.438390 publish topic=ipi/sunny-run-1/latency/av-1/request bytes=131402 forwarded=1
1779109794.439200 publish topic=ipi/sunny-run-1/latency/av-1/ack bytes=234 forwarded=1
1779109796.481713 publish topic=ipi/sunny-run-1/latency/av-1/request bytes=131402 forwarded=1
1779109796.482488 publish topic=ipi/sunny-run-1/latency/av-1/ack bytes=234 forwarded=1
1779109798.704484 publish topic=ipi/sunny-run-1/latency/av-1/request bytes=131402 forwarded=1
1779109798.705293 publish topic=ipi/sunny-run-1/latency/av-1/ack bytes=234 forwarded=1
1779109801.478870 publish topic=ipi/sunny-run-1/latency/av-1/request bytes=131402 forwarded=1
1779109801.479680 publish topic=ipi/sunny-run-1/latency/av-1/ack bytes=234 forwarded=1
1779109803.361239 publish topic=ipi/sunny-run-1/latency/av-1/request bytes=131402 forwarded=1
1779109803.362075 publish topic=ipi/sunny-run-1/latency/av-1/ack bytes=234 forwarded=1
1779109805.415117 publish topic=ipi/sunny-run-1/latency/av-1/request bytes=131402 forwarded=1
1779109805.415888 publish topic=ipi/sunny-run-1/latency/av-1/ack bytes=234 forwarded=1
1779109807.527886 publish topic=ipi/sunny-run-1/latency/av-1/request bytes=131402 forwarded=1
1779109807.528724 publish topic=ipi/sunny-run-1/latency/av-1/ack bytes=234 forwarded=1
1779109809.461474 publish topic=ipi/sunny-run-1/latency/av-1/request bytes=131402 forwarded=1
1779109809.462286 publish topic=ipi/sunny-run-1/latency/av-1/ack bytes=234 forwarded=1
1779109811.303867 publish topic=ipi/sunny-run-1/latency/av-1/request bytes=131402 forwarded=1
1779109811.304703 publish topic=ipi/sunny-run-1/latency/av-1/ack bytes=234 forwarded=1
1779109813.617581 publish topic=ipi/sunny-run-1/latency/av-1/request bytes=131402 forwarded=1
1779109813.618376 publish topic=ipi/sunny-run-1/latency/av-1/ack bytes=234 forwarded=1
1779109816.690829 publish topic=ipi/sunny-run-1/latency/av-1/request bytes=131402 forwarded=1
1779109816.691709 publish topic=ipi/sunny-run-1/latency/av-1/ack bytes=234 forwarded=1
1779109826.936352 publish topic=ipi/sunny-run-1/latency/av-1/request bytes=131402 forwarded=1
1779109826.937152 publish topic=ipi/sunny-run-1/latency/av-1/ack bytes=234 forwarded=1
1779109839.654557 publish topic=ipi/sunny-run-1/latency/av-1/request bytes=131402 forwarded=1
1779109839.655355 publish topic=ipi/sunny-run-1/latency/av-1/ack bytes=234 forwarded=1
1779109849.168593 publish topic=ipi/sunny-run-1/latency/av-1/request bytes=131402 forwarded=1
1779109849.169380 publish topic=ipi/sunny-run-1/latency/av-1/ack bytes=234 forwarded=1
1779109859.423021 publish topic=ipi/sunny-run-1/latency/av-1/request bytes=131402 forwarded=1
1779109859.423882 publish topic=ipi/sunny-run-1/latency/av-1/ack bytes=234 forwarded=1
1779109872.382521 publish topic=ipi/sunny-run-1/latency/av-1/request bytes=131402 forwarded=1
1779109872.383295 publish topic=ipi/sunny-run-1/latency/av-1/ack bytes=234 forwarded=1
1779109881.705679 publish topic=ipi/sunny-run-1/latency/av-1/request bytes=131402 forwarded=1
1779109881.706535 publish topic=ipi/sunny-run-1/latency/av-1/ack bytes=234 forwarded=1
1779109883.829035 publish topic=ipi/sunny-run-1/latency/av-1/request bytes=131402 forwarded=1
1779109883.829828 publish topic=ipi/sunny-run-1/latency/av-1/ack bytes=234 forwarded=1
1779109890.087522 publish topic=ipi/sunny-run-1/latency/av-1/request bytes=131402 forwarded=1
1779109890.088402 publish topic=ipi/sunny-run-1/latency/av-1/ack bytes=234 forwarded=1
1779109893.673451 publish topic=ipi/sunny-run-1/latency/av-1/request bytes=131402 forwarded=1
1779109893.674283 publish topic=ipi/sunny-run-1/latency/av-1/ack bytes=234 forwarded=1
1779109895.465260 publish topic=ipi/sunny-run-1/latency/av-1/request bytes=131402 forwarded=1
1779109895.466065 publish topic=ipi/sunny-run-1/latency/av-1/ack bytes=234 forwarded=1
1779109901.013538 publish topic=ipi/sunny-run-1/latency/av-1/request bytes=131402 forwarded=1
1779109901.014326 publish topic=ipi/sunny-run-1/latency/av-1/ack bytes=234 forwarded=1
1779109904.377788 publish topic=ipi/sunny-run-1/latency/av-1/request bytes=131402 forwarded=1
1779109904.378621 publish topic=ipi/sunny-run-1/latency/av-1/ack bytes=234 forwarded=1
1779109906.721866 publish topic=ipi/sunny-run-1/latency/av-1/request bytes=131402 forwarded=1
1779109906.722695 publish topic=ipi/sunny-run-1/latency/av-1/ack bytes=234 forwarded=1
1779109908.994470 publish topic=ipi/sunny-run-1/latency/av-1/request bytes=131402 forwarded=1
1779109908.995322 publish topic=ipi/sunny-run-1/latency/av-1/ack bytes=234 forwarded=1
1779109917.987767 publish topic=ipi/sunny-run-1/latency/av-1/request bytes=131402 forwarded=1
1779109917.988587 publish topic=ipi/sunny-run-1/latency/av-1/ack bytes=234 forwarded=1
1779109924.335824 publish topic=ipi/sunny-run-1/latency/av-1/request bytes=131402 forwarded=1
1779109924.336700 publish topic=ipi/sunny-run-1/latency/av-1/ack bytes=234 forwarded=1
1779109927.701148 publish topic=ipi/sunny-run-1/latency/av-1/request bytes=131402 forwarded=1
1779109927.701947 publish topic=ipi/sunny-run-1/latency/av-1/ack bytes=234 forwarded=1
1779109935.971937 publish topic=ipi/sunny-run-1/latency/av-1/request bytes=131402 forwarded=1
1779109935.972804 publish topic=ipi/sunny-run-1/latency/av-1/ack bytes=234 forwarded=1
1779109946.797834 publish topic=ipi/sunny-run-1/latency/av-1/request bytes=131402 forwarded=1
1779109946.798657 publish topic=ipi/sunny-run-1/latency/av-1/ack bytes=234 forwarded=1
1779109950.242679 publish topic=ipi/sunny-run-1/latency/av-1/request bytes=131402 forwarded=1
1779109950.243526 publish topic=ipi/sunny-run-1/latency/av-1/ack bytes=234 forwarded=1
1779109958.434483 publish topic=ipi/sunny-run-1/latency/av-1/request bytes=131402 forwarded=1
1779109958.435256 publish topic=ipi/sunny-run-1/latency/av-1/ack bytes=234 forwarded=1
1779109977.519815 publish topic=ipi/sunny-run-1/latency/av-1/request bytes=131402 forwarded=1
1779109977.520626 publish topic=ipi/sunny-run-1/latency/av-1/ack bytes=234 forwarded=1
1779110009.403344 publish topic=ipi/sunny-run-1/latency/av-1/request bytes=131402 forwarded=1
1779110009.404112 publish topic=ipi/sunny-run-1/latency/av-1/ack bytes=234 forwarded=1
1779110035.138897 publish topic=ipi/sunny-run-1/latency/av-1/request bytes=131402 forwarded=1
1779110035.139722 publish topic=ipi/sunny-run-1/latency/av-1/ack bytes=234 forwarded=1
1779110050.840771 publish topic=ipi/sunny-run-1/latency/av-1/request bytes=131402 forwarded=1
1779110050.841548 publish topic=ipi/sunny-run-1/latency/av-1/ack bytes=234 forwarded=1
1779110062.586006 publish topic=ipi/sunny-run-1/latency/av-1/request bytes=131402 forwarded=1
1779110062.586857 publish topic=ipi/sunny-run-1/latency/av-1/ack bytes=234 forwarded=1
1779110066.662276 publish topic=ipi/sunny-run-1/latency/av-1/request bytes=131402 forwarded=1
1779110066.663074 publish topic=ipi/sunny-run-1/latency/av-1/ack bytes=234 forwarded=1
1779110100.937609 publish topic=ipi/sunny-run-1/latency/av-1/request bytes=131402 forwarded=1
1779110100.938426 publish topic=ipi/sunny-run-1/latency/av-1/ack bytes=234 forwarded=1
1779110139.055879 publish topic=ipi/sunny-run-1/latency/av-1/request bytes=131402 forwarded=1
1779110139.056652 publish topic=ipi/sunny-run-1/latency/av-1/ack bytes=234 forwarded=1
1779110155.417133 publish topic=ipi/sunny-run-1/latency/av-1/request bytes=131402 forwarded=1
1779110155.418019 publish topic=ipi/sunny-run-1/latency/av-1/ack bytes=234 forwarded=1
1779110158.111395 publish topic=ipi/sunny-run-1/latency/av-1/request bytes=131402 forwarded=1
1779110158.112172 publish topic=ipi/sunny-run-1/latency/av-1/ack bytes=234 forwarded=1
1779110160.894576 publish topic=ipi/sunny-run-1/latency/av-1/request bytes=131402 forwarded=1
1779110160.895415 publish topic=ipi/sunny-run-1/latency/av-1/ack bytes=234 forwarded=1
1779110164.740445 publish topic=ipi/sunny-run-1/latency/av-1/request bytes=131402 forwarded=1
1779110164.740950 publish topic=ipi/sunny-run-1/latency/av-1/ack bytes=234 forwarded=1
1779110167.424056 publish topic=ipi/sunny-run-1/latency/av-1/request bytes=131402 forwarded=1
1779110167.424897 publish topic=ipi/sunny-run-1/latency/av-1/ack bytes=234 forwarded=1
1779110172.171328 publish topic=ipi/sunny-run-1/latency/av-1/request bytes=131402 forwarded=1
1779110172.172156 publish topic=ipi/sunny-run-1/latency/av-1/ack bytes=234 forwarded=1
1779110174.964729 publish topic=ipi/sunny-run-1/latency/av-1/request bytes=131402 forwarded=1
1779110174.965533 publish topic=ipi/sunny-run-1/latency/av-1/ack bytes=234 forwarded=1
1779110179.871109 publish topic=ipi/sunny-run-1/latency/av-1/request bytes=131402 forwarded=1
1779110179.871371 publish topic=ipi/sunny-run-1/latency/av-1/ack bytes=234 forwarded=1
1779110184.608336 publish topic=ipi/sunny-run-1/latency/av-1/request bytes=131402 forwarded=1
1779110184.609226 publish topic=ipi/sunny-run-1/latency/av-1/ack bytes=234 forwarded=1
1779110187.041961 publish topic=ipi/sunny-run-1/latency/av-1/request bytes=131402 forwarded=1
1779110187.042764 publish topic=ipi/sunny-run-1/latency/av-1/ack bytes=234 forwarded=1
1779110191.848625 publish topic=ipi/sunny-run-1/latency/av-1/request bytes=131402 forwarded=1
1779110191.849466 publish topic=ipi/sunny-run-1/latency/av-1/ack bytes=234 forwarded=1
1779110194.322544 publish topic=ipi/sunny-run-1/latency/av-1/request bytes=131402 forwarded=1
1779110194.323318 publish topic=ipi/sunny-run-1/latency/av-1/ack bytes=234 forwarded=1
1779110199.519312 publish topic=ipi/sunny-run-1/latency/av-1/request bytes=131402 forwarded=1
1779110199.520141 publish topic=ipi/sunny-run-1/latency/av-1/ack bytes=234 forwarded=1
1779110207.500760 publish topic=ipi/sunny-run-1/latency/av-1/request bytes=131402 forwarded=1
1779110207.501535 publish topic=ipi/sunny-run-1/latency/av-1/ack bytes=234 forwarded=1
1779110209.843761 publish topic=ipi/sunny-run-1/latency/av-1/request bytes=131402 forwarded=1
1779110209.844564 publish topic=ipi/sunny-run-1/latency/av-1/ack bytes=234 forwarded=1
1779110215.701800 publish topic=ipi/sunny-run-1/latency/av-1/request bytes=131402 forwarded=1
1779110215.702595 publish topic=ipi/sunny-run-1/latency/av-1/ack bytes=234 forwarded=1
1779110218.154635 publish topic=ipi/sunny-run-1/latency/av-1/request bytes=131402 forwarded=1
1779110218.155484 publish topic=ipi/sunny-run-1/latency/av-1/ack bytes=234 forwarded=1
1779110227.307343 publish topic=ipi/sunny-run-1/latency/av-1/request bytes=131402 forwarded=1
1779110227.308190 publish topic=ipi/sunny-run-1/latency/av-1/ack bytes=234 forwarded=1
1779110235.067477 publish topic=ipi/sunny-run-1/latency/av-1/request bytes=131402 forwarded=1
1779110235.068328 publish topic=ipi/sunny-run-1/latency/av-1/ack bytes=234 forwarded=1
1779110240.755782 publish topic=ipi/sunny-run-1/latency/av-1/request bytes=131402 forwarded=1
1779110240.756559 publish topic=ipi/sunny-run-1/latency/av-1/ack bytes=234 forwarded=1
1779110243.559453 publish topic=ipi/sunny-run-1/latency/av-1/request bytes=131402 forwarded=1
1779110243.560253 publish topic=ipi/sunny-run-1/latency/av-1/ack bytes=234 forwarded=1
1779110247.855604 publish topic=ipi/sunny-run-1/latency/av-1/request bytes=131402 forwarded=1
1779110247.856399 publish topic=ipi/sunny-run-1/latency/av-1/ack bytes=234 forwarded=1
1779110249.937884 publish topic=ipi/sunny-run-1/latency/av-1/request bytes=131402 forwarded=1
1779110249.938723 publish topic=ipi/sunny-run-1/latency/av-1/ack bytes=234 forwarded=1
1779110254.034345 publish topic=ipi/sunny-run-1/latency/av-1/request bytes=131402 forwarded=1
1779110254.035149 publish topic=ipi/sunny-run-1/latency/av-1/ack bytes=234 forwarded=1
1779110257.077996 publish topic=ipi/sunny-run-1/latency/av-1/request bytes=131402 forwarded=1
1779110257.078800 publish topic=ipi/sunny-run-1/latency/av-1/ack bytes=234 forwarded=1
1779110261.664291 publish topic=ipi/sunny-run-1/latency/av-1/request bytes=131402 forwarded=1
1779110261.664816 publish topic=ipi/sunny-run-1/latency/av-1/ack bytes=234 forwarded=1
1779110266.721261 publish topic=ipi/sunny-run-1/latency/av-1/request bytes=131402 forwarded=1
1779110266.722071 publish topic=ipi/sunny-run-1/latency/av-1/ack bytes=234 forwarded=1
1779110268.925210 publish topic=ipi/sunny-run-1/latency/av-1/request bytes=131402 forwarded=1
1779110268.925982 publish topic=ipi/sunny-run-1/latency/av-1/ack bytes=234 forwarded=1
1779110271.187799 publish topic=ipi/sunny-run-1/latency/av-1/request bytes=131402 forwarded=1
1779110271.188651 publish topic=ipi/sunny-run-1/latency/av-1/ack bytes=234 forwarded=1
1779110276.505825 publish topic=ipi/sunny-run-1/latency/av-1/request bytes=131402 forwarded=1
1779110276.506597 publish topic=ipi/sunny-run-1/latency/av-1/ack bytes=234 forwarded=1
1779110278.838527 publish topic=ipi/sunny-run-1/latency/av-1/request bytes=131402 forwarded=1
1779110278.839358 publish topic=ipi/sunny-run-1/latency/av-1/ack bytes=234 forwarded=1
1779110287.333010 publish topic=ipi/sunny-run-1/latency/av-1/request bytes=131402 forwarded=1
1779110287.333768 publish topic=ipi/sunny-run-1/latency/av-1/ack bytes=234 forwarded=1
1779110290.486764 publish topic=ipi/sunny-run-1/latency/av-1/request bytes=131402 forwarded=1
1779110290.487568 publish topic=ipi/sunny-run-1/latency/av-1/ack bytes=234 forwarded=1
1779110294.643130 publish topic=ipi/sunny-run-1/latency/av-1/request bytes=131402 forwarded=1
1779110294.643905 publish topic=ipi/sunny-run-1/latency/av-1/ack bytes=234 forwarded=1
1779110298.239645 publish topic=ipi/sunny-run-1/latency/av-1/request bytes=131402 forwarded=1
1779110298.240442 publish topic=ipi/sunny-run-1/latency/av-1/ack bytes=234 forwarded=1
1779110301.104330 publish topic=ipi/sunny-run-1/latency/av-1/request bytes=131402 forwarded=1
1779110301.105140 publish topic=ipi/sunny-run-1/latency/av-1/ack bytes=234 forwarded=1
1779110308.473912 publish topic=ipi/sunny-run-1/latency/av-1/request bytes=131402 forwarded=1
1779110308.474711 publish topic=ipi/sunny-run-1/latency/av-1/ack bytes=234 forwarded=1
1779110312.149395 publish topic=ipi/sunny-run-1/latency/av-1/request bytes=131402 forwarded=1
1779110312.150173 publish topic=ipi/sunny-run-1/latency/av-1/ack bytes=234 forwarded=1
1779110314.711999 publish topic=ipi/sunny-run-1/latency/av-1/request bytes=131402 forwarded=1
1779110314.712835 publish topic=ipi/sunny-run-1/latency/av-1/ack bytes=234 forwarded=1
1779110320.019553 publish topic=ipi/sunny-run-1/latency/av-1/request bytes=131402 forwarded=1
1779110320.020387 publish topic=ipi/sunny-run-1/latency/av-1/ack bytes=234 forwarded=1
1779110322.723151 publish topic=ipi/sunny-run-1/latency/av-1/request bytes=131402 forwarded=1
1779110322.723995 publish topic=ipi/sunny-run-1/latency/av-1/ack bytes=234 forwarded=1
1779110328.180421 publish topic=ipi/sunny-run-1/latency/av-1/request bytes=131402 forwarded=1
1779110328.181260 publish topic=ipi/sunny-run-1/latency/av-1/ack bytes=234 forwarded=1
1779110331.144354 publish topic=ipi/sunny-run-1/latency/av-1/request bytes=131402 forwarded=1
1779110331.145158 publish topic=ipi/sunny-run-1/latency/av-1/ack bytes=234 forwarded=1
1779110337.080523 publish topic=ipi/sunny-run-1/latency/av-1/request bytes=131402 forwarded=1
1779110337.081412 publish topic=ipi/sunny-run-1/latency/av-1/ack bytes=234 forwarded=1
1779110348.103070 publish topic=ipi/sunny-run-1/latency/av-1/request bytes=131402 forwarded=1
1779110348.103918 publish topic=ipi/sunny-run-1/latency/av-1/ack bytes=234 forwarded=1
1779110351.596212 publish topic=ipi/sunny-run-1/latency/av-1/request bytes=131402 forwarded=1
1779110351.597057 publish topic=ipi/sunny-run-1/latency/av-1/ack bytes=234 forwarded=1
1779110354.870495 publish topic=ipi/sunny-run-1/latency/av-1/request bytes=131402 forwarded=1
1779110354.871323 publish topic=ipi/sunny-run-1/latency/av-1/ack bytes=234 forwarded=1
1779110363.741924 publish topic=ipi/sunny-run-1/latency/av-1/request bytes=131402 forwarded=1
1779110363.742726 publish topic=ipi/sunny-run-1/latency/av-1/ack bytes=234 forwarded=1
1779110366.344990 publish topic=ipi/sunny-run-1/latency/av-1/request bytes=131402 forwarded=1
1779110366.345827 publish topic=ipi/sunny-run-1/latency/av-1/ack bytes=234 forwarded=1
1779110375.576924 publish topic=ipi/sunny-run-1/latency/av-1/request bytes=131404 forwarded=1
1779110375.577244 publish topic=ipi/sunny-run-1/latency/av-1/ack bytes=235 forwarded=1
1779110378.491097 publish topic=ipi/sunny-run-1/latency/av-1/request bytes=131404 forwarded=1
1779110378.491919 publish topic=ipi/sunny-run-1/latency/av-1/ack bytes=235 forwarded=1
1779110382.385826 publish topic=ipi/sunny-run-1/latency/av-1/request bytes=131404 forwarded=1
1779110382.386640 publish topic=ipi/sunny-run-1/latency/av-1/ack bytes=235 forwarded=1
1779110391.337949 publish topic=ipi/sunny-run-1/latency/av-1/request bytes=131404 forwarded=1
1779110391.338737 publish topic=ipi/sunny-run-1/latency/av-1/ack bytes=235 forwarded=1
1779110396.755225 publish topic=ipi/sunny-run-1/latency/av-1/request bytes=131404 forwarded=1
1779110396.756024 publish topic=ipi/sunny-run-1/latency/av-1/ack bytes=235 forwarded=1
1779110403.014439 publish topic=ipi/sunny-run-1/latency/av-1/request bytes=131404 forwarded=1
1779110403.015250 publish topic=ipi/sunny-run-1/latency/av-1/ack bytes=235 forwarded=1
1779110406.178489 publish topic=ipi/sunny-run-1/latency/av-1/request bytes=131404 forwarded=1
1779110406.179307 publish topic=ipi/sunny-run-1/latency/av-1/ack bytes=235 forwarded=1
1779110409.552958 publish topic=ipi/sunny-run-1/latency/av-1/request bytes=131404 forwarded=1
1779110409.553770 publish topic=ipi/sunny-run-1/latency/av-1/ack bytes=235 forwarded=1
1779110417.303064 publish topic=ipi/sunny-run-1/latency/av-1/request bytes=131404 forwarded=1
1779110417.303911 publish topic=ipi/sunny-run-1/latency/av-1/ack bytes=235 forwarded=1
1779110420.146963 publish topic=ipi/sunny-run-1/latency/av-1/request bytes=131404 forwarded=1
1779110420.147798 publish topic=ipi/sunny-run-1/latency/av-1/ack bytes=235 forwarded=1
1779110431.732625 publish topic=ipi/sunny-run-1/latency/av-1/request bytes=131404 forwarded=1
1779110431.733460 publish topic=ipi/sunny-run-1/latency/av-1/ack bytes=235 forwarded=1
1779110434.636525 publish topic=ipi/sunny-run-1/latency/av-1/request bytes=131404 forwarded=1
1779110434.637369 publish topic=ipi/sunny-run-1/latency/av-1/ack bytes=235 forwarded=1
1779110440.014326 publish topic=ipi/sunny-run-1/latency/av-1/request bytes=131404 forwarded=1
1779110440.015147 publish topic=ipi/sunny-run-1/latency/av-1/ack bytes=235 forwarded=1
1779110882.077259 publish topic=ipi/sunny-run-1/latency/av-1/request bytes=131404 forwarded=1
1779110882.078096 publish topic=ipi/sunny-run-1/latency/av-1/ack bytes=235 forwarded=1
1779110898.028912 publish topic=ipi/sunny-run-1/latency/av-1/request bytes=131404 forwarded=1
1779110898.029790 publish topic=ipi/sunny-run-1/latency/av-1/ack bytes=235 forwarded=1
1779110899.871707 publish topic=ipi/sunny-run-1/latency/av-1/request bytes=131404 forwarded=1
1779110899.872536 publish topic=ipi/sunny-run-1/latency/av-1/ack bytes=235 forwarded=1
1779110902.805445 publish topic=ipi/sunny-run-1/latency/av-1/request bytes=131404 forwarded=1
1779110902.806300 publish topic=ipi/sunny-run-1/latency/av-1/ack bytes=235 forwarded=1
1779110921.622466 publish topic=ipi/sunny-run-1/latency/av-1/request bytes=131404 forwarded=1
1779110921.623318 publish topic=ipi/sunny-run-1/latency/av-1/ack bytes=235 forwarded=1
1779110930.734898 publish topic=ipi/sunny-run-1/latency/av-1/request bytes=131404 forwarded=1
1779110930.735706 publish topic=ipi/sunny-run-1/latency/av-1/ack bytes=235 forwarded=1
1779110984.539481 publish topic=ipi/sunny-run-1/latency/av-1/request bytes=131404 forwarded=1
1779110984.540317 publish topic=ipi/sunny-run-1/latency/av-1/ack bytes=235 forwarded=1
1779110994.151999 publish topic=ipi/sunny-run-1/latency/av-1/request bytes=131404 forwarded=1
1779110994.152845 publish topic=ipi/sunny-run-1/latency/av-1/ack bytes=235 forwarded=1
1779110999.628569 publish topic=ipi/sunny-run-1/latency/av-1/request bytes=131404 forwarded=1
1779110999.629424 publish topic=ipi/sunny-run-1/latency/av-1/ack bytes=235 forwarded=1
1779111001.851759 publish topic=ipi/sunny-run-1/latency/av-1/request bytes=131404 forwarded=1
1779111001.852564 publish topic=ipi/sunny-run-1/latency/av-1/ack bytes=235 forwarded=1
1779111004.244990 publish topic=ipi/sunny-run-1/latency/av-1/request bytes=131404 forwarded=1
1779111004.245812 publish topic=ipi/sunny-run-1/latency/av-1/ack bytes=235 forwarded=1
1779111007.890054 publish topic=ipi/sunny-run-1/latency/av-1/request bytes=131404 forwarded=1
1779111007.890913 publish topic=ipi/sunny-run-1/latency/av-1/ack bytes=235 forwarded=1
1779111010.493205 publish topic=ipi/sunny-run-1/latency/av-1/request bytes=131404 forwarded=1
1779111010.494006 publish topic=ipi/sunny-run-1/latency/av-1/ack bytes=235 forwarded=1
1779111012.516143 publish topic=ipi/sunny-run-1/latency/av-1/request bytes=131404 forwarded=1
1779111012.516976 publish topic=ipi/sunny-run-1/latency/av-1/ack bytes=235 forwarded=1
1779111017.152465 publish topic=ipi/sunny-run-1/latency/av-1/request bytes=131404 forwarded=1
1779111017.153296 publish topic=ipi/sunny-run-1/latency/av-1/ack bytes=235 forwarded=1
1779111020.086181 publish topic=ipi/sunny-run-1/latency/av-1/request bytes=131404 forwarded=1
1779111020.087011 publish topic=ipi/sunny-run-1/latency/av-1/ack bytes=235 forwarded=1
1779111026.023850 publish topic=ipi/sunny-run-1/latency/av-1/request bytes=131404 forwarded=1
1779111026.024701 publish topic=ipi/sunny-run-1/latency/av-1/ack bytes=235 forwarded=1
1779111028.697414 publish topic=ipi/sunny-run-1/latency/av-1/request bytes=131404 forwarded=1
1779111028.698271 publish topic=ipi/sunny-run-1/latency/av-1/ack bytes=235 forwarded=1
1779111035.627073 publish topic=ipi/sunny-run-1/latency/av-1/request bytes=131404 forwarded=1
1779111035.627932 publish topic=ipi/sunny-run-1/latency/av-1/ack bytes=235 forwarded=1
1779111037.579751 publish topic=ipi/sunny-run-1/latency/av-1/request bytes=131404 forwarded=1
1779111037.580583 publish topic=ipi/sunny-run-1/latency/av-1/ack bytes=235 forwarded=1
1779111040.794195 publish topic=ipi/sunny-run-1/latency/av-1/request bytes=131404 forwarded=1
1779111040.795053 publish topic=ipi/sunny-run-1/latency/av-1/ack bytes=235 forwarded=1
1779111051.868626 publish topic=ipi/sunny-run-1/latency/av-1/request bytes=131404 forwarded=1
1779111051.869435 publish topic=ipi/sunny-run-1/latency/av-1/ack bytes=235 forwarded=1
1779111056.474127 publish topic=ipi/sunny-run-1/latency/av-1/request bytes=131404 forwarded=1
1779111056.474994 publish topic=ipi/sunny-run-1/latency/av-1/ack bytes=235 forwarded=1
1779111063.843733 publish topic=ipi/sunny-run-1/latency/av-1/request bytes=131404 forwarded=1
1779111063.844598 publish topic=ipi/sunny-run-1/latency/av-1/ack bytes=235 forwarded=1
1779111066.965747 publish topic=ipi/sunny-run-1/latency/av-1/request bytes=131404 forwarded=1
1779111066.966576 publish topic=ipi/sunny-run-1/latency/av-1/ack bytes=235 forwarded=1
1779111071.658937 publish topic=ipi/sunny-run-1/latency/av-1/request bytes=131404 forwarded=1
1779111071.659813 publish topic=ipi/sunny-run-1/latency/av-1/ack bytes=235 forwarded=1
1779111074.483181 publish topic=ipi/sunny-run-1/latency/av-1/request bytes=131404 forwarded=1
1779111074.483979 publish topic=ipi/sunny-run-1/latency/av-1/ack bytes=235 forwarded=1
1779111082.753537 publish topic=ipi/sunny-run-1/latency/av-1/request bytes=131404 forwarded=1
1779111082.754354 publish topic=ipi/sunny-run-1/latency/av-1/ack bytes=235 forwarded=1
1779111085.307110 publish topic=ipi/sunny-run-1/latency/av-1/request bytes=131404 forwarded=1
1779111085.307948 publish topic=ipi/sunny-run-1/latency/av-1/ack bytes=235 forwarded=1
1779111087.439867 publish topic=ipi/sunny-run-1/latency/av-1/request bytes=131404 forwarded=1
1779111087.440658 publish topic=ipi/sunny-run-1/latency/av-1/ack bytes=235 forwarded=1
1779111090.023701 publish topic=ipi/sunny-run-1/latency/av-1/request bytes=131404 forwarded=1
1779111090.024567 publish topic=ipi/sunny-run-1/latency/av-1/ack bytes=235 forwarded=1
1779111093.688918 publish topic=ipi/sunny-run-1/latency/av-1/request bytes=131404 forwarded=1
1779111093.689779 publish topic=ipi/sunny-run-1/latency/av-1/ack bytes=235 forwarded=1
1779111095.752125 publish topic=ipi/sunny-run-1/latency/av-1/request bytes=131404 forwarded=1
1779111095.752907 publish topic=ipi/sunny-run-1/latency/av-1/ack bytes=235 forwarded=1
1779111098.273324 publish topic=ipi/sunny-run-1/latency/av-1/request bytes=131404 forwarded=1
1779111098.273723 publish topic=ipi/sunny-run-1/latency/av-1/ack bytes=235 forwarded=1
1779111100.695606 publish topic=ipi/sunny-run-1/latency/av-1/request bytes=131404 forwarded=1
1779111100.696421 publish topic=ipi/sunny-run-1/latency/av-1/ack bytes=235 forwarded=1
1779111104.349344 publish topic=ipi/sunny-run-1/latency/av-1/request bytes=131404 forwarded=1
1779111104.350170 publish topic=ipi/sunny-run-1/latency/av-1/ack bytes=235 forwarded=1
1779111106.622563 publish topic=ipi/sunny-run-1/latency/av-1/request bytes=131404 forwarded=1
1779111106.623421 publish topic=ipi/sunny-run-1/latency/av-1/ack bytes=235 forwarded=1
1779111108.635336 publish topic=ipi/sunny-run-1/latency/av-1/request bytes=131404 forwarded=1
1779111108.636118 publish topic=ipi/sunny-run-1/latency/av-1/ack bytes=235 forwarded=1
1779111113.270970 publish topic=ipi/sunny-run-1/latency/av-1/request bytes=131404 forwarded=1
1779111113.271768 publish topic=ipi/sunny-run-1/latency/av-1/ack bytes=235 forwarded=1
1779111115.673534 publish topic=ipi/sunny-run-1/latency/av-1/request bytes=131404 forwarded=1
1779111115.674374 publish topic=ipi/sunny-run-1/latency/av-1/ack bytes=235 forwarded=1
1779111119.577528 publish topic=ipi/sunny-run-1/latency/av-1/request bytes=131404 forwarded=1
1779111119.578372 publish topic=ipi/sunny-run-1/latency/av-1/ack bytes=235 forwarded=1
1779111125.214048 publish topic=ipi/sunny-run-1/latency/av-1/request bytes=131404 forwarded=1
1779111125.214880 publish topic=ipi/sunny-run-1/latency/av-1/ack bytes=235 forwarded=1
1779111127.096385 publish topic=ipi/sunny-run-1/latency/av-1/request bytes=131404 forwarded=1
1779111127.097222 publish topic=ipi/sunny-run-1/latency/av-1/ack bytes=235 forwarded=1
1779111130.971447 publish topic=ipi/sunny-run-1/latency/av-1/request bytes=131404 forwarded=1
1779111130.972275 publish topic=ipi/sunny-run-1/latency/av-1/ack bytes=235 forwarded=1
1779111134.115177 publish topic=ipi/sunny-run-1/latency/av-1/request bytes=131404 forwarded=1
1779111134.116035 publish topic=ipi/sunny-run-1/latency/av-1/ack bytes=235 forwarded=1
1779111138.370335 publish topic=ipi/sunny-run-1/latency/av-1/request bytes=131404 forwarded=1
1779111138.371195 publish topic=ipi/sunny-run-1/latency/av-1/ack bytes=235 forwarded=1
1779111142.255167 publish topic=ipi/sunny-run-1/latency/av-1/request bytes=131404 forwarded=1
1779111142.255980 publish topic=ipi/sunny-run-1/latency/av-1/ack bytes=235 forwarded=1
1779111144.628165 publish topic=ipi/sunny-run-1/latency/av-1/request bytes=131404 forwarded=1
1779111144.629062 publish topic=ipi/sunny-run-1/latency/av-1/ack bytes=235 forwarded=1
1779111150.185195 publish topic=ipi/sunny-run-1/latency/av-1/request bytes=131404 forwarded=1
1779111150.185997 publish topic=ipi/sunny-run-1/latency/av-1/ack bytes=235 forwarded=1
1779111154.961287 publish topic=ipi/sunny-run-1/latency/av-1/request bytes=131404 forwarded=1
1779111154.962077 publish topic=ipi/sunny-run-1/latency/av-1/ack bytes=235 forwarded=1
1779111157.424657 publish topic=ipi/sunny-run-1/latency/av-1/request bytes=131404 forwarded=1
1779111157.425545 publish topic=ipi/sunny-run-1/latency/av-1/ack bytes=235 forwarded=1
1779111159.597462 publish topic=ipi/sunny-run-1/latency/av-1/request bytes=131404 forwarded=1
1779111159.598304 publish topic=ipi/sunny-run-1/latency/av-1/ack bytes=235 forwarded=1
1779111164.293535 publish topic=ipi/sunny-run-1/latency/av-1/request bytes=131404 forwarded=1
1779111164.294383 publish topic=ipi/sunny-run-1/latency/av-1/ack bytes=235 forwarded=1
1779111167.107124 publish topic=ipi/sunny-run-1/latency/av-1/request bytes=131404 forwarded=1
1779111167.107919 publish topic=ipi/sunny-run-1/latency/av-1/ack bytes=235 forwarded=1
1779111172.954381 publish topic=ipi/sunny-run-1/latency/av-1/request bytes=131404 forwarded=1
1779111172.955281 publish topic=ipi/sunny-run-1/latency/av-1/ack bytes=235 forwarded=1
1779111175.487789 publish topic=ipi/sunny-run-1/latency/av-1/request bytes=131404 forwarded=1
1779111175.488629 publish topic=ipi/sunny-run-1/latency/av-1/ack bytes=235 forwarded=1
1779111181.786383 publish topic=ipi/sunny-run-1/latency/av-1/request bytes=131404 forwarded=1
1779111181.787213 publish topic=ipi/sunny-run-1/latency/av-1/ack bytes=235 forwarded=1
1779111190.567791 publish topic=ipi/sunny-run-1/latency/av-1/request bytes=131404 forwarded=1
1779111190.568601 publish topic=ipi/sunny-run-1/latency/av-1/ack bytes=235 forwarded=1
1779111194.532789 publish topic=ipi/sunny-run-1/latency/av-1/request bytes=131404 forwarded=1
1779111194.533585 publish topic=ipi/sunny-run-1/latency/av-1/ack bytes=235 forwarded=1
1779111199.018670 publish topic=ipi/sunny-run-1/latency/av-1/request bytes=131404 forwarded=1
1779111199.019477 publish topic=ipi/sunny-run-1/latency/av-1/ack bytes=235 forwarded=1
1779111201.992736 publish topic=ipi/sunny-run-1/latency/av-1/request bytes=131404 forwarded=1
1779111201.993601 publish topic=ipi/sunny-run-1/latency/av-1/ack bytes=235 forwarded=1
1779111208.231585 publish topic=ipi/sunny-run-1/latency/av-1/request bytes=131404 forwarded=1
1779111208.232417 publish topic=ipi/sunny-run-1/latency/av-1/ack bytes=235 forwarded=1
1779111211.859030 publish topic=ipi/sunny-run-1/latency/av-1/request bytes=131404 forwarded=1
1779111211.859818 publish topic=ipi/sunny-run-1/latency/av-1/ack bytes=235 forwarded=1
1779111214.072193 publish topic=ipi/sunny-run-1/latency/av-1/request bytes=131404 forwarded=1
1779111214.073114 publish topic=ipi/sunny-run-1/latency/av-1/ack bytes=235 forwarded=1
1779111218.618008 publish topic=ipi/sunny-run-1/latency/av-1/request bytes=131404 forwarded=1
1779111218.618850 publish topic=ipi/sunny-run-1/latency/av-1/ack bytes=235 forwarded=1
1779111220.851660 publish topic=ipi/sunny-run-1/latency/av-1/request bytes=131404 forwarded=1
1779111220.852535 publish topic=ipi/sunny-run-1/latency/av-1/ack bytes=235 forwarded=1
1779111224.025903 publish topic=ipi/sunny-run-1/latency/av-1/request bytes=131404 forwarded=1
1779111224.026736 publish topic=ipi/sunny-run-1/latency/av-1/ack bytes=235 forwarded=1
1779111231.455603 publish topic=ipi/sunny-run-1/latency/av-1/request bytes=131404 forwarded=1
1779111231.456448 publish topic=ipi/sunny-run-1/latency/av-1/ack bytes=235 forwarded=1
1779111233.879375 publish topic=ipi/sunny-run-1/latency/av-1/request bytes=131404 forwarded=1
1779111233.880225 publish topic=ipi/sunny-run-1/latency/av-1/ack bytes=235 forwarded=1
1779111236.502964 publish topic=ipi/sunny-run-1/latency/av-1/request bytes=131404 forwarded=1
1779111236.503797 publish topic=ipi/sunny-run-1/latency/av-1/ack bytes=235 forwarded=1
1779111240.338095 publish topic=ipi/sunny-run-1/latency/av-1/request bytes=131404 forwarded=1
1779111240.338894 publish topic=ipi/sunny-run-1/latency/av-1/ack bytes=235 forwarded=1
1779111242.060233 publish topic=ipi/sunny-run-1/latency/av-1/request bytes=131404 forwarded=1
1779111242.061077 publish topic=ipi/sunny-run-1/latency/av-1/ack bytes=235 forwarded=1
1779111246.275820 publish topic=ipi/sunny-run-1/latency/av-1/request bytes=131404 forwarded=1
1779111246.276621 publish topic=ipi/sunny-run-1/latency/av-1/ack bytes=235 forwarded=1
1779111252.112648 publish topic=ipi/sunny-run-1/latency/av-1/request bytes=131404 forwarded=1
1779111252.113474 publish topic=ipi/sunny-run-1/latency/av-1/ack bytes=235 forwarded=1
1779111254.575928 publish topic=ipi/sunny-run-1/latency/av-1/request bytes=131404 forwarded=1
1779111254.576823 publish topic=ipi/sunny-run-1/latency/av-1/ack bytes=235 forwarded=1
1779111256.968918 publish topic=ipi/sunny-run-1/latency/av-1/request bytes=131404 forwarded=1
1779111256.969715 publish topic=ipi/sunny-run-1/latency/av-1/ack bytes=235 forwarded=1
1779111260.633694 publish topic=ipi/sunny-run-1/latency/av-1/request bytes=131404 forwarded=1
1779111260.634520 publish topic=ipi/sunny-run-1/latency/av-1/ack bytes=235 forwarded=1
1779111263.798020 publish topic=ipi/sunny-run-1/latency/av-1/request bytes=131404 forwarded=1
1779111263.798826 publish topic=ipi/sunny-run-1/latency/av-1/ack bytes=235 forwarded=1
1779111265.640488 publish topic=ipi/sunny-run-1/latency/av-1/request bytes=131404 forwarded=1
1779111265.641361 publish topic=ipi/sunny-run-1/latency/av-1/ack bytes=235 forwarded=1
1779111268.104007 publish topic=ipi/sunny-run-1/latency/av-1/request bytes=131404 forwarded=1
1779111268.104842 publish topic=ipi/sunny-run-1/latency/av-1/ack bytes=235 forwarded=1
1779111271.988897 publish topic=ipi/sunny-run-1/latency/av-1/request bytes=131404 forwarded=1
1779111271.989739 publish topic=ipi/sunny-run-1/latency/av-1/ack bytes=235 forwarded=1
1779111276.304939 publish topic=ipi/sunny-run-1/latency/av-1/request bytes=131404 forwarded=1
1779111276.305817 publish topic=ipi/sunny-run-1/latency/av-1/ack bytes=235 forwarded=1
1779111278.528272 publish topic=ipi/sunny-run-1/latency/av-1/request bytes=131404 forwarded=1
1779111278.529120 publish topic=ipi/sunny-run-1/latency/av-1/ack bytes=235 forwarded=1
1779111280.820983 publish topic=ipi/sunny-run-1/latency/av-1/request bytes=131404 forwarded=1
1779111280.821753 publish topic=ipi/sunny-run-1/latency/av-1/ack bytes=235 forwarded=1
1779111284.986843 publish topic=ipi/sunny-run-1/latency/av-1/request bytes=131404 forwarded=1
1779111284.987641 publish topic=ipi/sunny-run-1/latency/av-1/ack bytes=235 forwarded=1
1779111287.620105 publish topic=ipi/sunny-run-1/latency/av-1/request bytes=131404 forwarded=1
1779111287.620965 publish topic=ipi/sunny-run-1/latency/av-1/ack bytes=235 forwarded=1
1779111289.643681 publish topic=ipi/sunny-run-1/latency/av-1/request bytes=131404 forwarded=1
1779111289.644547 publish topic=ipi/sunny-run-1/latency/av-1/ack bytes=235 forwarded=1
1779111292.177829 publish topic=ipi/sunny-run-1/latency/av-1/request bytes=131404 forwarded=1
1779111292.178674 publish topic=ipi/sunny-run-1/latency/av-1/ack bytes=235 forwarded=1
1779111296.214793 publish topic=ipi/sunny-run-1/latency/av-1/request bytes=131404 forwarded=1
1779111296.215653 publish topic=ipi/sunny-run-1/latency/av-1/ack bytes=235 forwarded=1
1779111298.497575 publish topic=ipi/sunny-run-1/latency/av-1/request bytes=131404 forwarded=1
1779111298.498372 publish topic=ipi/sunny-run-1/latency/av-1/ack bytes=235 forwarded=1
1779111302.243284 publish topic=ipi/sunny-run-1/latency/av-1/request bytes=131404 forwarded=1
1779111302.244099 publish topic=ipi/sunny-run-1/latency/av-1/ack bytes=235 forwarded=1
1779111313.564923 publish topic=ipi/sunny-run-1/latency/av-1/request bytes=131404 forwarded=1
1779111313.565742 publish topic=ipi/sunny-run-1/latency/av-1/ack bytes=235 forwarded=1
1779111316.168250 publish topic=ipi/sunny-run-1/latency/av-1/request bytes=131404 forwarded=1
1779111316.169132 publish topic=ipi/sunny-run-1/latency/av-1/ack bytes=235 forwarded=1
1779111318.291482 publish topic=ipi/sunny-run-1/latency/av-1/request bytes=131404 forwarded=1
1779111318.292313 publish topic=ipi/sunny-run-1/latency/av-1/ack bytes=235 forwarded=1
1779111328.456345 publish topic=ipi/sunny-run-1/latency/av-1/request bytes=131404 forwarded=1
1779111328.457434 publish topic=ipi/sunny-run-1/latency/av-1/ack bytes=235 forwarded=1
1779111331.771013 publish topic=ipi/sunny-run-1/latency/av-1/request bytes=131404 forwarded=1
1779111331.771826 publish topic=ipi/sunny-run-1/latency/av-1/ack bytes=235 forwarded=1
1779111334.904789 publish topic=ipi/sunny-run-1/latency/av-1/request bytes=131404 forwarded=1
1779111334.905648 publish topic=ipi/sunny-run-1/latency/av-1/ack bytes=235 forwarded=1
1779111341.643847 publish topic=ipi/sunny-run-1/latency/av-1/request bytes=131404 forwarded=1
1779111341.644703 publish topic=ipi/sunny-run-1/latency/av-1/ack bytes=235 forwarded=1
1779111350.185489 publish topic=ipi/sunny-run-1/latency/av-1/request bytes=131404 forwarded=1
1779111350.186313 publish topic=ipi/sunny-run-1/latency/av-1/ack bytes=235 forwarded=1
1779111352.999733 publish topic=ipi/sunny-run-1/latency/av-1/request bytes=131404 forwarded=1
1779111353.000538 publish topic=ipi/sunny-run-1/latency/av-1/ack bytes=235 forwarded=1
1779111355.363219 publish topic=ipi/sunny-run-1/latency/av-1/request bytes=131404 forwarded=1
1779111355.364030 publish topic=ipi/sunny-run-1/latency/av-1/ack bytes=235 forwarded=1
1779111362.302915 publish topic=ipi/sunny-run-1/latency/av-1/request bytes=131404 forwarded=1
1779111362.303735 publish topic=ipi/sunny-run-1/latency/av-1/ack bytes=235 forwarded=1
1779111364.415964 publish topic=ipi/sunny-run-1/latency/av-1/request bytes=131404 forwarded=1
1779111364.416805 publish topic=ipi/sunny-run-1/latency/av-1/ack bytes=235 forwarded=1
1779111366.298776 publish topic=ipi/sunny-run-1/latency/av-1/request bytes=131404 forwarded=1
1779111366.299587 publish topic=ipi/sunny-run-1/latency/av-1/ack bytes=235 forwarded=1
1779111370.735312 publish topic=ipi/sunny-run-1/latency/av-1/request bytes=131404 forwarded=1
1779111370.736135 publish topic=ipi/sunny-run-1/latency/av-1/ack bytes=235 forwarded=1
1779111373.289103 publish topic=ipi/sunny-run-1/latency/av-1/request bytes=131404 forwarded=1
1779111373.289894 publish topic=ipi/sunny-run-1/latency/av-1/ack bytes=235 forwarded=1
1779111375.462616 publish topic=ipi/sunny-run-1/latency/av-1/request bytes=131404 forwarded=1
1779111375.463434 publish topic=ipi/sunny-run-1/latency/av-1/ack bytes=235 forwarded=1
1779111393.264315 publish topic=ipi/sunny-run-1/latency/av-1/request bytes=131404 forwarded=1
1779111393.265177 publish topic=ipi/sunny-run-1/latency/av-1/ack bytes=235 forwarded=1
1779111395.497185 publish topic=ipi/sunny-run-1/latency/av-1/request bytes=131404 forwarded=1
1779111395.497996 publish topic=ipi/sunny-run-1/latency/av-1/ack bytes=235 forwarded=1
1779111398.911873 publish topic=ipi/sunny-run-1/latency/av-1/request bytes=131404 forwarded=1
1779111398.912813 publish topic=ipi/sunny-run-1/latency/av-1/ack bytes=235 forwarded=1
1779111406.643204 publish topic=ipi/sunny-run-1/latency/av-1/request bytes=131404 forwarded=1
1779111406.644019 publish topic=ipi/sunny-run-1/latency/av-1/ack bytes=235 forwarded=1
1779111409.006776 publish topic=ipi/sunny-run-1/latency/av-1/request bytes=131404 forwarded=1
1779111409.007596 publish topic=ipi/sunny-run-1/latency/av-1/ack bytes=235 forwarded=1
1779111411.770709 publish topic=ipi/sunny-run-1/latency/av-1/request bytes=131404 forwarded=1
1779111411.771529 publish topic=ipi/sunny-run-1/latency/av-1/ack bytes=235 forwarded=1
1779111416.677830 publish topic=ipi/sunny-run-1/latency/av-1/request bytes=131404 forwarded=1
1779111416.678689 publish topic=ipi/sunny-run-1/latency/av-1/ack bytes=235 forwarded=1
1779111419.331880 publish topic=ipi/sunny-run-1/latency/av-1/request bytes=131404 forwarded=1
1779111419.332244 publish topic=ipi/sunny-run-1/latency/av-1/ack bytes=235 forwarded=1
1779111424.570590 publish topic=ipi/sunny-run-1/latency/av-1/request bytes=131404 forwarded=1
1779111424.571455 publish topic=ipi/sunny-run-1/latency/av-1/ack bytes=235 forwarded=1
1779111427.144648 publish topic=ipi/sunny-run-1/latency/av-1/request bytes=131404 forwarded=1
1779111427.145548 publish topic=ipi/sunny-run-1/latency/av-1/ack bytes=235 forwarded=1
1779111434.544721 publish topic=ipi/sunny-run-1/latency/av-1/request bytes=131404 forwarded=1
1779111434.545230 publish topic=ipi/sunny-run-1/latency/av-1/ack bytes=235 forwarded=1
1779111439.922192 publish topic=ipi/sunny-run-1/latency/av-1/request bytes=131404 forwarded=1
1779111439.923053 publish topic=ipi/sunny-run-1/latency/av-1/ack bytes=235 forwarded=1
1779111441.845169 publish topic=ipi/sunny-run-1/latency/av-1/request bytes=131404 forwarded=1
1779111441.845980 publish topic=ipi/sunny-run-1/latency/av-1/ack bytes=235 forwarded=1
1779111448.213973 publish topic=ipi/sunny-run-1/latency/av-1/request bytes=131404 forwarded=1
1779111448.214809 publish topic=ipi/sunny-run-1/latency/av-1/ack bytes=235 forwarded=1
1779111452.249222 publish topic=ipi/sunny-run-1/latency/av-1/request bytes=131404 forwarded=1
1779111452.250068 publish topic=ipi/sunny-run-1/latency/av-1/ack bytes=235 forwarded=1
1779111454.892642 publish topic=ipi/sunny-run-1/latency/av-1/request bytes=131404 forwarded=1
1779111454.893516 publish topic=ipi/sunny-run-1/latency/av-1/ack bytes=235 forwarded=1
1779111459.598449 publish topic=ipi/sunny-run-1/latency/av-1/request bytes=131404 forwarded=1
1779111459.598733 publish topic=ipi/sunny-run-1/latency/av-1/ack bytes=235 forwarded=1
1779111461.591532 publish topic=ipi/sunny-run-1/latency/av-1/request bytes=131404 forwarded=1
1779111461.592347 publish topic=ipi/sunny-run-1/latency/av-1/ack bytes=235 forwarded=1
1779111464.224851 publish topic=ipi/sunny-run-1/latency/av-1/request bytes=131404 forwarded=1
1779111464.225641 publish topic=ipi/sunny-run-1/latency/av-1/ack bytes=235 forwarded=1
1779111467.299648 publish topic=ipi/sunny-run-1/latency/av-1/request bytes=131404 forwarded=1
1779111467.300458 publish topic=ipi/sunny-run-1/latency/av-1/ack bytes=235 forwarded=1
1779111468.942299 publish topic=ipi/sunny-run-1/latency/av-1/request bytes=131404 forwarded=1
1779111468.943105 publish topic=ipi/sunny-run-1/latency/av-1/ack bytes=235 forwarded=1
1779111470.794790 publish topic=ipi/sunny-run-1/latency/av-1/request bytes=131404 forwarded=1
1779111470.795651 publish topic=ipi/sunny-run-1/latency/av-1/ack bytes=235 forwarded=1
1779111477.954661 publish topic=ipi/sunny-run-1/latency/av-1/request bytes=131404 forwarded=1
1779111477.955468 publish topic=ipi/sunny-run-1/latency/av-1/ack bytes=235 forwarded=1
1779111481.560026 publish topic=ipi/sunny-run-1/latency/av-1/request bytes=131404 forwarded=1
1779111481.560877 publish topic=ipi/sunny-run-1/latency/av-1/ack bytes=235 forwarded=1
1779111483.643298 publish topic=ipi/sunny-run-1/latency/av-1/request bytes=131404 forwarded=1
1779111483.644182 publish topic=ipi/sunny-run-1/latency/av-1/ack bytes=235 forwarded=1
1779111485.585867 publish topic=ipi/sunny-run-1/latency/av-1/request bytes=131404 forwarded=1
1779111485.586735 publish topic=ipi/sunny-run-1/latency/av-1/ack bytes=235 forwarded=1
1779111489.030700 publish topic=ipi/sunny-run-1/latency/av-1/request bytes=131404 forwarded=1
1779111489.031536 publish topic=ipi/sunny-run-1/latency/av-1/ack bytes=235 forwarded=1
1779111493.767344 publish topic=ipi/sunny-run-1/latency/av-1/request bytes=131404 forwarded=1
1779111493.768156 publish topic=ipi/sunny-run-1/latency/av-1/ack bytes=235 forwarded=1
1779111496.241004 publish topic=ipi/sunny-run-1/latency/av-1/request bytes=131404 forwarded=1
1779111496.241794 publish topic=ipi/sunny-run-1/latency/av-1/ack bytes=235 forwarded=1
1779111498.574149 publish topic=ipi/sunny-run-1/latency/av-1/request bytes=131404 forwarded=1
1779111498.574949 publish topic=ipi/sunny-run-1/latency/av-1/ack bytes=235 forwarded=1
1779111506.625553 publish topic=ipi/sunny-run-1/latency/av-1/request bytes=131404 forwarded=1
1779111506.626358 publish topic=ipi/sunny-run-1/latency/av-1/ack bytes=235 forwarded=1
1779111509.990209 publish topic=ipi/sunny-run-1/latency/av-1/request bytes=131404 forwarded=1
1779111509.991005 publish topic=ipi/sunny-run-1/latency/av-1/ack bytes=235 forwarded=1
1779111511.713012 publish topic=ipi/sunny-run-1/latency/av-1/request bytes=131404 forwarded=1
1779111511.713833 publish topic=ipi/sunny-run-1/latency/av-1/ack bytes=235 forwarded=1
1779111514.797243 publish topic=ipi/sunny-run-1/latency/av-1/request bytes=131404 forwarded=1
1779111514.798056 publish topic=ipi/sunny-run-1/latency/av-1/ack bytes=235 forwarded=1
1779111521.486559 publish topic=ipi/sunny-run-1/latency/av-1/request bytes=131404 forwarded=1
1779111521.487365 publish topic=ipi/sunny-run-1/latency/av-1/ack bytes=235 forwarded=1
1779111526.934593 publish topic=ipi/sunny-run-1/latency/av-1/request bytes=131404 forwarded=1
1779111526.935397 publish topic=ipi/sunny-run-1/latency/av-1/ack bytes=235 forwarded=1
1779111528.206437 publish topic=ipi/sunny-run-1/latency/av-1/request bytes=131404 forwarded=1
1779111528.207233 publish topic=ipi/sunny-run-1/latency/av-1/ack bytes=235 forwarded=1
1779111529.178150 publish topic=ipi/sunny-run-1/latency/av-1/request bytes=131404 forwarded=1
1779111529.178952 publish topic=ipi/sunny-run-1/latency/av-1/ack bytes=235 forwarded=1
1779111530.900834 publish topic=ipi/sunny-run-1/latency/av-1/request bytes=131404 forwarded=1
1779111530.901633 publish topic=ipi/sunny-run-1/latency/av-1/ack bytes=235 forwarded=1
1779111532.643624 publish topic=ipi/sunny-run-1/latency/av-1/request bytes=131404 forwarded=1
1779111532.644467 publish topic=ipi/sunny-run-1/latency/av-1/ack bytes=235 forwarded=1
1779111540.034094 publish topic=ipi/sunny-run-1/latency/av-1/request bytes=131404 forwarded=1
1779111540.034898 publish topic=ipi/sunny-run-1/latency/av-1/ack bytes=235 forwarded=1
1779111542.537744 publish topic=ipi/sunny-run-1/latency/av-1/request bytes=131404 forwarded=1
1779111542.538565 publish topic=ipi/sunny-run-1/latency/av-1/ack bytes=235 forwarded=1
1779111552.162118 publish topic=ipi/sunny-run-1/latency/av-1/request bytes=131404 forwarded=1
1779111552.162921 publish topic=ipi/sunny-run-1/latency/av-1/ack bytes=235 forwarded=1
1779111554.665635 publish topic=ipi/sunny-run-1/latency/av-1/request bytes=131404 forwarded=1
1779111554.666448 publish topic=ipi/sunny-run-1/latency/av-1/ack bytes=235 forwarded=1
1779111556.548249 publish topic=ipi/sunny-run-1/latency/av-1/request bytes=131404 forwarded=1
1779111556.549098 publish topic=ipi/sunny-run-1/latency/av-1/ack bytes=235 forwarded=1
1779111563.237333 publish topic=ipi/sunny-run-1/latency/av-1/request bytes=131404 forwarded=1
1779111563.238153 publish topic=ipi/sunny-run-1/latency/av-1/ack bytes=235 forwarded=1
1779111571.308065 publish topic=ipi/sunny-run-1/latency/av-1/request bytes=131404 forwarded=1
1779111571.308881 publish topic=ipi/sunny-run-1/latency/av-1/ack bytes=235 forwarded=1
1779111573.180654 publish topic=ipi/sunny-run-1/latency/av-1/request bytes=131404 forwarded=1
1779111573.181485 publish topic=ipi/sunny-run-1/latency/av-1/ack bytes=235 forwarded=1
1779111575.574469 publish topic=ipi/sunny-run-1/latency/av-1/request bytes=131404 forwarded=1
1779111575.575261 publish topic=ipi/sunny-run-1/latency/av-1/ack bytes=235 forwarded=1
1779111577.997658 publish topic=ipi/sunny-run-1/latency/av-1/request bytes=131404 forwarded=1
1779111577.998464 publish topic=ipi/sunny-run-1/latency/av-1/ack bytes=235 forwarded=1
1779111585.357912 publish topic=ipi/sunny-run-1/latency/av-1/request bytes=131404 forwarded=1
1779111585.358729 publish topic=ipi/sunny-run-1/latency/av-1/ack bytes=235 forwarded=1
1779111592.758491 publish topic=ipi/sunny-run-1/latency/av-1/request bytes=131404 forwarded=1
1779111592.759310 publish topic=ipi/sunny-run-1/latency/av-1/ack bytes=235 forwarded=1
1779111595.051711 publish topic=ipi/sunny-run-1/latency/av-1/request bytes=131404 forwarded=1
1779111595.052522 publish topic=ipi/sunny-run-1/latency/av-1/ack bytes=235 forwarded=1
1779111597.064500 publish topic=ipi/sunny-run-1/latency/av-1/request bytes=131404 forwarded=1
1779111597.065376 publish topic=ipi/sunny-run-1/latency/av-1/ack bytes=235 forwarded=1
1779111605.205387 publish topic=ipi/sunny-run-1/latency/av-1/request bytes=131404 forwarded=1
1779111605.205778 publish topic=ipi/sunny-run-1/latency/av-1/ack bytes=235 forwarded=1
1779111611.824860 publish topic=ipi/sunny-run-1/latency/av-1/request bytes=131404 forwarded=1
1779111611.825686 publish topic=ipi/sunny-run-1/latency/av-1/ack bytes=235 forwarded=1
1779111613.657375 publish topic=ipi/sunny-run-1/latency/av-1/request bytes=131404 forwarded=1
1779111613.658192 publish topic=ipi/sunny-run-1/latency/av-1/ack bytes=235 forwarded=1
1779111615.690512 publish topic=ipi/sunny-run-1/latency/av-1/request bytes=131404 forwarded=1
1779111615.691364 publish topic=ipi/sunny-run-1/latency/av-1/ack bytes=235 forwarded=1
1779111617.583252 publish topic=ipi/sunny-run-1/latency/av-1/request bytes=131404 forwarded=1
1779111617.584068 publish topic=ipi/sunny-run-1/latency/av-1/ack bytes=235 forwarded=1
1779111625.044197 publish topic=ipi/sunny-run-1/latency/av-1/request bytes=131404 forwarded=1
1779111625.045055 publish topic=ipi/sunny-run-1/latency/av-1/ack bytes=235 forwarded=1
1779111632.774404 publish topic=ipi/sunny-run-1/latency/av-1/request bytes=131404 forwarded=1
1779111632.775289 publish topic=ipi/sunny-run-1/latency/av-1/ack bytes=235 forwarded=1
1779111635.418378 publish topic=ipi/sunny-run-1/latency/av-1/request bytes=131404 forwarded=1
1779111635.419181 publish topic=ipi/sunny-run-1/latency/av-1/ack bytes=235 forwarded=1
1779111637.470640 publish topic=ipi/sunny-run-1/latency/av-1/request bytes=131404 forwarded=1
1779111637.471463 publish topic=ipi/sunny-run-1/latency/av-1/ack bytes=235 forwarded=1
1779111644.949927 publish topic=ipi/sunny-run-1/latency/av-1/request bytes=131404 forwarded=1
1779111644.950751 publish topic=ipi/sunny-run-1/latency/av-1/ack bytes=235 forwarded=1
1779111647.383241 publish topic=ipi/sunny-run-1/latency/av-1/request bytes=131404 forwarded=1
1779111647.384056 publish topic=ipi/sunny-run-1/latency/av-1/ack bytes=235 forwarded=1
1779111649.265173 publish topic=ipi/sunny-run-1/latency/av-1/request bytes=131404 forwarded=1
1779111649.265520 publish topic=ipi/sunny-run-1/latency/av-1/ack bytes=235 forwarded=1
1779111655.523494 publish topic=ipi/sunny-run-1/latency/av-1/request bytes=131404 forwarded=1
1779111655.524301 publish topic=ipi/sunny-run-1/latency/av-1/ack bytes=235 forwarded=1
1779111666.481963 publish topic=ipi/sunny-run-1/latency/av-1/request bytes=131404 forwarded=1
1779111666.482779 publish topic=ipi/sunny-run-1/latency/av-1/ack bytes=235 forwarded=1
1779111668.264588 publish topic=ipi/sunny-run-1/latency/av-1/request bytes=131404 forwarded=1
1779111668.265488 publish topic=ipi/sunny-run-1/latency/av-1/ack bytes=235 forwarded=1
1779111671.268959 publish topic=ipi/sunny-run-1/latency/av-1/request bytes=131404 forwarded=1
1779111671.269777 publish topic=ipi/sunny-run-1/latency/av-1/ack bytes=235 forwarded=1
1779111684.077069 publish topic=ipi/sunny-run-1/latency/av-1/request bytes=131404 forwarded=1
1779111684.077942 publish topic=ipi/sunny-run-1/latency/av-1/ack bytes=235 forwarded=1
1779111695.643319 publish topic=ipi/sunny-run-1/latency/av-1/request bytes=131404 forwarded=1
1779111695.644129 publish topic=ipi/sunny-run-1/latency/av-1/ack bytes=235 forwarded=1
1779111698.817907 publish topic=ipi/sunny-run-1/latency/av-1/request bytes=131404 forwarded=1
1779111698.818780 publish topic=ipi/sunny-run-1/latency/av-1/ack bytes=235 forwarded=1
1779111700.730537 publish topic=ipi/sunny-run-1/latency/av-1/request bytes=131404 forwarded=1
1779111700.731426 publish topic=ipi/sunny-run-1/latency/av-1/ack bytes=235 forwarded=1
1779111707.760321 publish topic=ipi/sunny-run-1/latency/av-1/request bytes=131404 forwarded=1
1779111707.761164 publish topic=ipi/sunny-run-1/latency/av-1/ack bytes=235 forwarded=1
1779111716.911078 publish topic=ipi/sunny-run-1/latency/av-1/request bytes=131404 forwarded=1
1779111716.911942 publish topic=ipi/sunny-run-1/latency/av-1/ack bytes=235 forwarded=1
1779111719.204518 publish topic=ipi/sunny-run-1/latency/av-1/request bytes=131404 forwarded=1
1779111719.205424 publish topic=ipi/sunny-run-1/latency/av-1/ack bytes=235 forwarded=1
1779111720.847078 publish topic=ipi/sunny-run-1/latency/av-1/request bytes=131404 forwarded=1
1779111720.847909 publish topic=ipi/sunny-run-1/latency/av-1/ack bytes=235 forwarded=1
1779111725.744981 publish topic=ipi/sunny-run-1/latency/av-1/request bytes=131404 forwarded=1
1779111725.745848 publish topic=ipi/sunny-run-1/latency/av-1/ack bytes=235 forwarded=1
1779111738.003923 publish topic=ipi/sunny-run-1/latency/av-1/request bytes=131404 forwarded=1
1779111738.004829 publish topic=ipi/sunny-run-1/latency/av-1/ack bytes=235 forwarded=1
1779111743.492067 publish topic=ipi/sunny-run-1/latency/av-1/request bytes=131404 forwarded=1
1779111743.492885 publish topic=ipi/sunny-run-1/latency/av-1/ack bytes=235 forwarded=1
1779111745.194485 publish topic=ipi/sunny-run-1/latency/av-1/request bytes=131404 forwarded=1
1779111745.195328 publish topic=ipi/sunny-run-1/latency/av-1/ack bytes=235 forwarded=1
1779111753.146198 publish topic=ipi/sunny-run-1/latency/av-1/request bytes=131404 forwarded=1
1779111753.147003 publish topic=ipi/sunny-run-1/latency/av-1/ack bytes=235 forwarded=1
1779111755.690028 publish topic=ipi/sunny-run-1/latency/av-1/request bytes=131404 forwarded=1
1779111755.690830 publish topic=ipi/sunny-run-1/latency/av-1/ack bytes=235 forwarded=1
1779111757.442553 publish topic=ipi/sunny-run-1/latency/av-1/request bytes=131404 forwarded=1
1779111757.443389 publish topic=ipi/sunny-run-1/latency/av-1/ack bytes=235 forwarded=1
1779111770.551882 publish topic=ipi/sunny-run-1/latency/av-1/request bytes=131404 forwarded=1
1779111770.552706 publish topic=ipi/sunny-run-1/latency/av-1/ack bytes=235 forwarded=1
1779111772.805006 publish topic=ipi/sunny-run-1/latency/av-1/request bytes=131404 forwarded=1
1779111772.805883 publish topic=ipi/sunny-run-1/latency/av-1/ack bytes=235 forwarded=1
1779111775.268738 publish topic=ipi/sunny-run-1/latency/av-1/request bytes=131404 forwarded=1
1779111775.269513 publish topic=ipi/sunny-run-1/latency/av-1/ack bytes=235 forwarded=1
1779111777.121006 publish topic=ipi/sunny-run-1/latency/av-1/request bytes=131404 forwarded=1
1779111777.121851 publish topic=ipi/sunny-run-1/latency/av-1/ack bytes=235 forwarded=1
1779111786.774960 publish topic=ipi/sunny-run-1/latency/av-1/request bytes=131404 forwarded=1
1779111786.775926 publish topic=ipi/sunny-run-1/latency/av-1/ack bytes=235 forwarded=1
1779111796.378496 publish topic=ipi/sunny-run-1/latency/av-1/request bytes=131404 forwarded=1
1779111796.379380 publish topic=ipi/sunny-run-1/latency/av-1/ack bytes=235 forwarded=1
1779111804.660295 publish topic=ipi/sunny-run-1/latency/av-1/request bytes=131404 forwarded=1
1779111804.661119 publish topic=ipi/sunny-run-1/latency/av-1/ack bytes=235 forwarded=1
1779111807.023979 publish topic=ipi/sunny-run-1/latency/av-1/request bytes=131404 forwarded=1
1779111807.024823 publish topic=ipi/sunny-run-1/latency/av-1/ack bytes=235 forwarded=1
1779111814.594933 publish topic=ipi/sunny-run-1/latency/av-1/request bytes=131404 forwarded=1
1779111814.595818 publish topic=ipi/sunny-run-1/latency/av-1/ack bytes=235 forwarded=1
1779111816.447620 publish topic=ipi/sunny-run-1/latency/av-1/request bytes=131404 forwarded=1
1779111816.448426 publish topic=ipi/sunny-run-1/latency/av-1/ack bytes=235 forwarded=1
1779111818.390635 publish topic=ipi/sunny-run-1/latency/av-1/request bytes=131404 forwarded=1
1779111818.391451 publish topic=ipi/sunny-run-1/latency/av-1/ack bytes=235 forwarded=1
1779111825.530958 publish topic=ipi/sunny-run-1/latency/av-1/request bytes=131404 forwarded=1
1779111825.531822 publish topic=ipi/sunny-run-1/latency/av-1/ack bytes=235 forwarded=1
1779111828.134842 publish topic=ipi/sunny-run-1/latency/av-1/request bytes=131404 forwarded=1
1779111828.135722 publish topic=ipi/sunny-run-1/latency/av-1/ack bytes=235 forwarded=1
1779111850.565440 publish topic=ipi/sunny-run-1/latency/av-1/request bytes=131404 forwarded=1
1779111850.566244 publish topic=ipi/sunny-run-1/latency/av-1/ack bytes=235 forwarded=1
1779111852.317978 publish topic=ipi/sunny-run-1/latency/av-1/request bytes=131404 forwarded=1
1779111852.318781 publish topic=ipi/sunny-run-1/latency/av-1/ack bytes=235 forwarded=1
1779111861.069906 publish topic=ipi/sunny-run-1/latency/av-1/request bytes=131404 forwarded=1
1779111861.070754 publish topic=ipi/sunny-run-1/latency/av-1/ack bytes=235 forwarded=1
1779111863.182444 publish topic=ipi/sunny-run-1/latency/av-1/request bytes=131404 forwarded=1
1779111863.183261 publish topic=ipi/sunny-run-1/latency/av-1/ack bytes=235 forwarded=1
1779111865.596036 publish topic=ipi/sunny-run-1/latency/av-1/request bytes=131404 forwarded=1
1779111865.596927 publish topic=ipi/sunny-run-1/latency/av-1/ack bytes=235 forwarded=1
1779111867.208251 publish topic=ipi/sunny-run-1/latency/av-1/request bytes=131404 forwarded=1
1779111867.209104 publish topic=ipi/sunny-run-1/latency/av-1/ack bytes=235 forwarded=1
1779111876.581537 publish topic=ipi/sunny-run-1/latency/av-1/request bytes=131404 forwarded=1
1779111876.582426 publish topic=ipi/sunny-run-1/latency/av-1/ack bytes=235 forwarded=1
1779111884.292983 publish topic=ipi/sunny-run-1/latency/av-1/request bytes=131404 forwarded=1
1779111884.293794 publish topic=ipi/sunny-run-1/latency/av-1/ack bytes=235 forwarded=1
1779111885.894900 publish topic=ipi/sunny-run-1/latency/av-1/request bytes=131404 forwarded=1
1779111885.895715 publish topic=ipi/sunny-run-1/latency/av-1/ack bytes=235 forwarded=1
1779111888.058148 publish topic=ipi/sunny-run-1/latency/av-1/request bytes=131404 forwarded=1
1779111888.059004 publish topic=ipi/sunny-run-1/latency/av-1/ack bytes=235 forwarded=1
1779111895.018143 publish topic=ipi/sunny-run-1/latency/av-1/request bytes=131404 forwarded=1
1779111895.019014 publish topic=ipi/sunny-run-1/latency/av-1/ack bytes=235 forwarded=1
1779111897.391417 publish topic=ipi/sunny-run-1/latency/av-1/request bytes=131404 forwarded=1
1779111897.392272 publish topic=ipi/sunny-run-1/latency/av-1/ack bytes=235 forwarded=1
1779111899.654888 publish topic=ipi/sunny-run-1/latency/av-1/request bytes=131404 forwarded=1
1779111899.655761 publish topic=ipi/sunny-run-1/latency/av-1/ack bytes=235 forwarded=1
1779111914.675492 publish topic=ipi/sunny-run-1/latency/av-1/request bytes=131404 forwarded=1
1779111914.676363 publish topic=ipi/sunny-run-1/latency/av-1/ack bytes=235 forwarded=1
1779111917.599485 publish topic=ipi/sunny-run-1/latency/av-1/request bytes=131404 forwarded=1
1779111917.600307 publish topic=ipi/sunny-run-1/latency/av-1/ack bytes=235 forwarded=1
1779111921.254594 publish topic=ipi/sunny-run-1/latency/av-1/request bytes=131404 forwarded=1
1779111921.255468 publish topic=ipi/sunny-run-1/latency/av-1/ack bytes=235 forwarded=1
1779111927.142783 publish topic=ipi/sunny-run-1/latency/av-1/request bytes=131404 forwarded=1
1779111927.143589 publish topic=ipi/sunny-run-1/latency/av-1/ack bytes=235 forwarded=1
1779111929.395752 publish topic=ipi/sunny-run-1/latency/av-1/request bytes=131404 forwarded=1
1779111929.396572 publish topic=ipi/sunny-run-1/latency/av-1/ack bytes=235 forwarded=1
1779111936.616086 publish topic=ipi/sunny-run-1/latency/av-1/request bytes=131404 forwarded=1
1779111936.616914 publish topic=ipi/sunny-run-1/latency/av-1/ack bytes=235 forwarded=1
1779111938.478489 publish topic=ipi/sunny-run-1/latency/av-1/request bytes=131404 forwarded=1
1779111938.479297 publish topic=ipi/sunny-run-1/latency/av-1/ack bytes=235 forwarded=1
1779111941.322509 publish topic=ipi/sunny-run-1/latency/av-1/request bytes=131404 forwarded=1
1779111941.323387 publish topic=ipi/sunny-run-1/latency/av-1/ack bytes=235 forwarded=1
1779111943.155097 publish topic=ipi/sunny-run-1/latency/av-1/request bytes=131404 forwarded=1
1779111943.155925 publish topic=ipi/sunny-run-1/latency/av-1/ack bytes=235 forwarded=1
1779111952.217832 publish topic=ipi/sunny-run-1/latency/av-1/request bytes=131404 forwarded=1
1779111952.218743 publish topic=ipi/sunny-run-1/latency/av-1/ack bytes=235 forwarded=1
1779111954.150944 publish topic=ipi/sunny-run-1/latency/av-1/request bytes=131404 forwarded=1
1779111954.151827 publish topic=ipi/sunny-run-1/latency/av-1/ack bytes=235 forwarded=1
1779111956.614712 publish topic=ipi/sunny-run-1/latency/av-1/request bytes=131404 forwarded=1
1779111956.615439 publish topic=ipi/sunny-run-1/latency/av-1/ack bytes=235 forwarded=1
1779111968.651790 publish topic=ipi/sunny-run-1/latency/av-1/request bytes=131404 forwarded=1
1779111968.652595 publish topic=ipi/sunny-run-1/latency/av-1/ack bytes=235 forwarded=1
1779111970.685009 publish topic=ipi/sunny-run-1/latency/av-1/request bytes=131404 forwarded=1
1779111970.685812 publish topic=ipi/sunny-run-1/latency/av-1/ack bytes=235 forwarded=1
1779111973.058240 publish topic=ipi/sunny-run-1/latency/av-1/request bytes=131404 forwarded=1
1779111973.059052 publish topic=ipi/sunny-run-1/latency/av-1/ack bytes=235 forwarded=1
1779111974.750735 publish topic=ipi/sunny-run-1/latency/av-1/request bytes=131404 forwarded=1
1779111974.751517 publish topic=ipi/sunny-run-1/latency/av-1/ack bytes=235 forwarded=1
1779111980.909194 publish topic=ipi/sunny-run-1/latency/av-1/request bytes=131404 forwarded=1
1779111980.909976 publish topic=ipi/sunny-run-1/latency/av-1/ack bytes=235 forwarded=1
1779111983.021500 publish topic=ipi/sunny-run-1/latency/av-1/request bytes=131404 forwarded=1
1779111983.022352 publish topic=ipi/sunny-run-1/latency/av-1/ack bytes=235 forwarded=1
1779111985.334544 publish topic=ipi/sunny-run-1/latency/av-1/request bytes=131404 forwarded=1
1779111985.335393 publish topic=ipi/sunny-run-1/latency/av-1/ack bytes=235 forwarded=1
1779111987.016423 publish topic=ipi/sunny-run-1/latency/av-1/request bytes=131404 forwarded=1
1779111987.017251 publish topic=ipi/sunny-run-1/latency/av-1/ack bytes=235 forwarded=1
1779112002.544697 publish topic=ipi/sunny-run-1/latency/av-1/request bytes=131404 forwarded=1
1779112002.545503 publish topic=ipi/sunny-run-1/latency/av-1/ack bytes=235 forwarded=1
1779112021.448474 publish topic=ipi/sunny-run-1/latency/av-1/request bytes=131404 forwarded=1
1779112021.449285 publish topic=ipi/sunny-run-1/latency/av-1/ack bytes=235 forwarded=1
1779112027.316443 publish topic=ipi/sunny-run-1/latency/av-1/request bytes=131404 forwarded=1
1779112027.317277 publish topic=ipi/sunny-run-1/latency/av-1/ack bytes=235 forwarded=1
1779112029.909812 publish topic=ipi/sunny-run-1/latency/av-1/request bytes=131404 forwarded=1
1779112029.910617 publish topic=ipi/sunny-run-1/latency/av-1/ack bytes=235 forwarded=1
1779112032.343109 publish topic=ipi/sunny-run-1/latency/av-1/request bytes=131404 forwarded=1
1779112032.343949 publish topic=ipi/sunny-run-1/latency/av-1/ack bytes=235 forwarded=1
1779112048.785904 publish topic=ipi/sunny-run-1/latency/av-1/request bytes=131404 forwarded=1
1779112048.786702 publish topic=ipi/sunny-run-1/latency/av-1/ack bytes=235 forwarded=1
1779112060.903209 publish topic=ipi/sunny-run-1/latency/av-1/request bytes=131404 forwarded=1
1779112060.904007 publish topic=ipi/sunny-run-1/latency/av-1/ack bytes=235 forwarded=1
1779112070.837487 publish topic=ipi/sunny-run-1/latency/av-1/request bytes=131404 forwarded=1
1779112070.838294 publish topic=ipi/sunny-run-1/latency/av-1/ack bytes=235 forwarded=1
1779112074.693922 publish topic=ipi/sunny-run-1/latency/av-1/request bytes=131404 forwarded=1
1779112074.694767 publish topic=ipi/sunny-run-1/latency/av-1/ack bytes=235 forwarded=1
1779112076.847904 publish topic=ipi/sunny-run-1/latency/av-1/request bytes=131404 forwarded=1
1779112076.848786 publish topic=ipi/sunny-run-1/latency/av-1/ack bytes=235 forwarded=1
1779112078.380359 publish topic=ipi/sunny-run-1/latency/av-1/request bytes=131404 forwarded=1
1779112078.381312 publish topic=ipi/sunny-run-1/latency/av-1/ack bytes=235 forwarded=1
1779112084.949650 publish topic=ipi/sunny-run-1/latency/av-1/request bytes=131404 forwarded=1
1779112084.950447 publish topic=ipi/sunny-run-1/latency/av-1/ack bytes=235 forwarded=1
1779112088.564661 publish topic=ipi/sunny-run-1/latency/av-1/request bytes=131404 forwarded=1
1779112088.565530 publish topic=ipi/sunny-run-1/latency/av-1/ack bytes=235 forwarded=1
1779112090.356959 publish topic=ipi/sunny-run-1/latency/av-1/request bytes=131404 forwarded=1
1779112090.357761 publish topic=ipi/sunny-run-1/latency/av-1/ack bytes=235 forwarded=1
1779112096.024565 publish topic=ipi/sunny-run-1/latency/av-1/request bytes=131404 forwarded=1
1779112096.025410 publish topic=ipi/sunny-run-1/latency/av-1/ack bytes=235 forwarded=1
1779112104.125260 publish topic=ipi/sunny-run-1/latency/av-1/request bytes=131404 forwarded=1
1779112104.126059 publish topic=ipi/sunny-run-1/latency/av-1/ack bytes=235 forwarded=1
1779112112.917840 publish topic=ipi/sunny-run-1/latency/av-1/request bytes=131404 forwarded=1
1779112112.918644 publish topic=ipi/sunny-run-1/latency/av-1/ack bytes=235 forwarded=1
1779112119.046439 publish topic=ipi/sunny-run-1/latency/av-1/request bytes=131404 forwarded=1
1779112119.047241 publish topic=ipi/sunny-run-1/latency/av-1/ack bytes=235 forwarded=1
1779112128.300503 publish topic=ipi/sunny-run-1/latency/av-1/request bytes=131404 forwarded=1
1779112128.301335 publish topic=ipi/sunny-run-1/latency/av-1/ack bytes=235 forwarded=1
1779112129.943088 publish topic=ipi/sunny-run-1/latency/av-1/request bytes=131404 forwarded=1
1779112129.943890 publish topic=ipi/sunny-run-1/latency/av-1/ack bytes=235 forwarded=1
1779112131.785877 publish topic=ipi/sunny-run-1/latency/av-1/request bytes=131404 forwarded=1
1779112131.786669 publish topic=ipi/sunny-run-1/latency/av-1/ack bytes=235 forwarded=1
1779112144.614097 publish topic=ipi/sunny-run-1/latency/av-1/request bytes=131404 forwarded=1
1779112144.614955 publish topic=ipi/sunny-run-1/latency/av-1/ack bytes=235 forwarded=1
1779112147.297876 publish topic=ipi/sunny-run-1/latency/av-1/request bytes=131404 forwarded=1
1779112147.298732 publish topic=ipi/sunny-run-1/latency/av-1/ack bytes=235 forwarded=1
1779112149.481084 publish topic=ipi/sunny-run-1/latency/av-1/request bytes=131404 forwarded=1
1779112149.481859 publish topic=ipi/sunny-run-1/latency/av-1/ack bytes=235 forwarded=1
1779112152.234824 publish topic=ipi/sunny-run-1/latency/av-1/request bytes=131404 forwarded=1
1779112152.235639 publish topic=ipi/sunny-run-1/latency/av-1/ack bytes=235 forwarded=1
1779112158.903665 publish topic=ipi/sunny-run-1/latency/av-1/request bytes=131404 forwarded=1
1779112158.904523 publish topic=ipi/sunny-run-1/latency/av-1/ack bytes=235 forwarded=1
1779112167.174947 publish topic=ipi/sunny-run-1/latency/av-1/request bytes=131404 forwarded=1
1779112167.175784 publish topic=ipi/sunny-run-1/latency/av-1/ack bytes=235 forwarded=1
1779112170.288920 publish topic=ipi/sunny-run-1/latency/av-1/request bytes=131404 forwarded=1
1779112170.289768 publish topic=ipi/sunny-run-1/latency/av-1/ack bytes=235 forwarded=1
1779112174.945560 publish topic=ipi/sunny-run-1/latency/av-1/request bytes=131404 forwarded=1
1779112174.946357 publish topic=ipi/sunny-run-1/latency/av-1/ack bytes=235 forwarded=1
1779112197.327442 publish topic=ipi/sunny-run-1/latency/av-1/request bytes=131404 forwarded=1
1779112197.328252 publish topic=ipi/sunny-run-1/latency/av-1/ack bytes=235 forwarded=1
1779112209.514501 publish topic=ipi/sunny-run-1/latency/av-1/request bytes=131404 forwarded=1
1779112209.515319 publish topic=ipi/sunny-run-1/latency/av-1/ack bytes=235 forwarded=1
1779112211.357085 publish topic=ipi/sunny-run-1/latency/av-1/request bytes=131404 forwarded=1
1779112211.357879 publish topic=ipi/sunny-run-1/latency/av-1/ack bytes=235 forwarded=1
1779112213.390003 publish topic=ipi/sunny-run-1/latency/av-1/request bytes=131404 forwarded=1
1779112213.390767 publish topic=ipi/sunny-run-1/latency/av-1/ack bytes=235 forwarded=1
1779112215.192263 publish topic=ipi/sunny-run-1/latency/av-1/request bytes=131404 forwarded=1
1779112215.193095 publish topic=ipi/sunny-run-1/latency/av-1/ack bytes=235 forwarded=1
1779112224.946086 publish topic=ipi/sunny-run-1/latency/av-1/request bytes=131404 forwarded=1
1779112224.946885 publish topic=ipi/sunny-run-1/latency/av-1/ack bytes=235 forwarded=1
1779112228.190621 publish topic=ipi/sunny-run-1/latency/av-1/request bytes=131404 forwarded=1
1779112228.191424 publish topic=ipi/sunny-run-1/latency/av-1/ack bytes=235 forwarded=1
1779112229.872901 publish topic=ipi/sunny-run-1/latency/av-1/request bytes=131404 forwarded=1
1779112229.873696 publish topic=ipi/sunny-run-1/latency/av-1/ack bytes=235 forwarded=1
1779112237.384080 publish topic=ipi/sunny-run-1/latency/av-1/request bytes=131404 forwarded=1
1779112237.384918 publish topic=ipi/sunny-run-1/latency/av-1/ack bytes=235 forwarded=1
1779112239.547288 publish topic=ipi/sunny-run-1/latency/av-1/request bytes=131404 forwarded=1
1779112239.548094 publish topic=ipi/sunny-run-1/latency/av-1/ack bytes=235 forwarded=1
1779112241.279812 publish topic=ipi/sunny-run-1/latency/av-1/request bytes=131404 forwarded=1
1779112241.280646 publish topic=ipi/sunny-run-1/latency/av-1/ack bytes=235 forwarded=1
1779112243.812895 publish topic=ipi/sunny-run-1/latency/av-1/request bytes=131404 forwarded=1
1779112243.813177 publish topic=ipi/sunny-run-1/latency/av-1/ack bytes=235 forwarded=1
1779112250.352720 publish topic=ipi/sunny-run-1/latency/av-1/request bytes=131404 forwarded=1
1779112250.353539 publish topic=ipi/sunny-run-1/latency/av-1/ack bytes=235 forwarded=1
1779112252.886560 publish topic=ipi/sunny-run-1/latency/av-1/request bytes=131404 forwarded=1
1779112252.887366 publish topic=ipi/sunny-run-1/latency/av-1/ack bytes=235 forwarded=1
1779112254.618942 publish topic=ipi/sunny-run-1/latency/av-1/request bytes=131404 forwarded=1
1779112254.619759 publish topic=ipi/sunny-run-1/latency/av-1/ack bytes=235 forwarded=1
1779112262.380245 publish topic=ipi/sunny-run-1/latency/av-1/request bytes=131404 forwarded=1
1779112262.381129 publish topic=ipi/sunny-run-1/latency/av-1/ack bytes=235 forwarded=1
1779112264.903944 publish topic=ipi/sunny-run-1/latency/av-1/request bytes=131404 forwarded=1
1779112264.904790 publish topic=ipi/sunny-run-1/latency/av-1/ack bytes=235 forwarded=1
1779112273.045355 publish topic=ipi/sunny-run-1/latency/av-1/request bytes=131404 forwarded=1
1779112273.046138 publish topic=ipi/sunny-run-1/latency/av-1/ack bytes=235 forwarded=1
1779112275.859354 publish topic=ipi/sunny-run-1/latency/av-1/request bytes=131404 forwarded=1
1779112275.860156 publish topic=ipi/sunny-run-1/latency/av-1/ack bytes=235 forwarded=1
1779112277.912135 publish topic=ipi/sunny-run-1/latency/av-1/request bytes=131404 forwarded=1
1779112277.912965 publish topic=ipi/sunny-run-1/latency/av-1/ack bytes=235 forwarded=1
1779112282.018109 publish topic=ipi/sunny-run-1/latency/av-1/request bytes=131404 forwarded=1
1779112282.018919 publish topic=ipi/sunny-run-1/latency/av-1/ack bytes=235 forwarded=1
1779112288.116595 publish topic=ipi/sunny-run-1/latency/av-1/request bytes=131404 forwarded=1
1779112288.117425 publish topic=ipi/sunny-run-1/latency/av-1/ack bytes=235 forwarded=1
1779112290.300043 publish topic=ipi/sunny-run-1/latency/av-1/request bytes=131404 forwarded=1
1779112290.300886 publish topic=ipi/sunny-run-1/latency/av-1/ack bytes=235 forwarded=1
1779112301.535338 publish topic=ipi/sunny-run-1/latency/av-1/request bytes=131404 forwarded=1
1779112301.536122 publish topic=ipi/sunny-run-1/latency/av-1/ack bytes=235 forwarded=1
1779112311.359325 publish topic=ipi/sunny-run-1/latency/av-1/request bytes=131404 forwarded=1
1779112311.360125 publish topic=ipi/sunny-run-1/latency/av-1/ack bytes=235 forwarded=1
1779112313.452022 publish topic=ipi/sunny-run-1/latency/av-1/request bytes=131404 forwarded=1
1779112313.452851 publish topic=ipi/sunny-run-1/latency/av-1/ack bytes=235 forwarded=1
1779112318.157134 publish topic=ipi/sunny-run-1/latency/av-1/request bytes=131404 forwarded=1
1779112318.158027 publish topic=ipi/sunny-run-1/latency/av-1/ack bytes=235 forwarded=1
1779112328.400716 publish topic=ipi/sunny-run-1/latency/av-1/request bytes=131404 forwarded=1
1779112328.401537 publish topic=ipi/sunny-run-1/latency/av-1/ack bytes=235 forwarded=1
1779112347.251237 publish topic=ipi/sunny-run-1/latency/av-1/request bytes=131404 forwarded=1
1779112347.252045 publish topic=ipi/sunny-run-1/latency/av-1/ack bytes=235 forwarded=1
1779112350.395972 publish topic=ipi/sunny-run-1/latency/av-1/request bytes=131404 forwarded=1
1779112350.396778 publish topic=ipi/sunny-run-1/latency/av-1/ack bytes=235 forwarded=1
1779112352.498872 publish topic=ipi/sunny-run-1/latency/av-1/request bytes=131404 forwarded=1
1779112352.499708 publish topic=ipi/sunny-run-1/latency/av-1/ack bytes=235 forwarded=1
1779112354.120976 publish topic=ipi/sunny-run-1/latency/av-1/request bytes=131404 forwarded=1
1779112354.121784 publish topic=ipi/sunny-run-1/latency/av-1/ack bytes=235 forwarded=1
1779112356.804944 publish topic=ipi/sunny-run-1/latency/av-1/request bytes=131404 forwarded=1
1779112356.805747 publish topic=ipi/sunny-run-1/latency/av-1/ack bytes=235 forwarded=1
1779112359.038552 publish topic=ipi/sunny-run-1/latency/av-1/request bytes=131404 forwarded=1
1779112359.039464 publish topic=ipi/sunny-run-1/latency/av-1/ack bytes=235 forwarded=1
1779112360.970937 publish topic=ipi/sunny-run-1/latency/av-1/request bytes=131404 forwarded=1
1779112360.971802 publish topic=ipi/sunny-run-1/latency/av-1/ack bytes=235 forwarded=1
1779112363.094084 publish topic=ipi/sunny-run-1/latency/av-1/request bytes=131404 forwarded=1
1779112363.094893 publish topic=ipi/sunny-run-1/latency/av-1/ack bytes=235 forwarded=1
1779112363.404468 close ('10.120.121.46', 44032) reader [Errno 104] Connection reset by peer
1779112364.499652 close ('127.0.0.1', 52178) closed
