Consolidate compiler generated dependencies of target ipi
[ 38%] Built target ipi
Consolidate compiler generated dependencies of target example_build_service_request
[ 42%] Built target example_build_service_request
Consolidate compiler generated dependencies of target example_v2x_roundtrip
[ 47%] Built target example_v2x_roundtrip
Consolidate compiler generated dependencies of target example_spat_tcp_sender
[ 52%] Built target example_spat_tcp_sender
Consolidate compiler generated dependencies of target example_private_5g_latency_sender
[ 57%] Built target example_private_5g_latency_sender
Consolidate compiler generated dependencies of target example_private_5g_latency_receiver
[ 61%] Built target example_private_5g_latency_receiver
Consolidate compiler generated dependencies of target example_mesh_demo
[ 66%] Built target example_mesh_demo
Consolidate compiler generated dependencies of target example_edge4av_dual_plane
[ 71%] Built target example_edge4av_dual_plane
Consolidate compiler generated dependencies of target test_edge4av_interface
[ 76%] Built target test_edge4av_interface
Consolidate compiler generated dependencies of target test_private_session_transport
[ 80%] Built target test_private_session_transport
Consolidate compiler generated dependencies of target test_private_5g_latency_probe
[ 85%] Built target test_private_5g_latency_probe
Consolidate compiler generated dependencies of target test_experiment_logging
[ 90%] Built target test_experiment_logging
Consolidate compiler generated dependencies of target test_private_5g_latency_loopback
[ 95%] Built target test_private_5g_latency_loopback
Consolidate compiler generated dependencies of target test_private_5g_latency_mqtt_loopback
[100%] Built target test_private_5g_latency_mqtt_loopback
