[INFO] [launch]: All log files can be found below /home/hydrau/.ros/log/2026-05-13-10-56-28-465374-hydrau-13476
[INFO] [launch]: Default logging verbosity is set to INFO
[INFO] [novatel_oem7_driver_exe-1]: process started with pid [13534]
[novatel_oem7_driver_exe-1] [INFO] [1778684188.698405978] [novatel.oem7.main]: Oem7RawMsg:  topic [oem7raw]: frame_id: 'gps'; q size: 200
[novatel_oem7_driver_exe-1] [INFO] [1778684188.719962517] [novatel.oem7.main]: Oem7MessageNode v.; Apr 27 2026 13:27:57
[novatel_oem7_driver_exe-1] [INFO] [1778684188.844569125] [novatel.oem7.main]: Oem7MessageDecoderLib version: 10.1.0
[novatel_oem7_driver_exe-1] [INFO] [1778684188.846399244] [novatel.oem7.main]: PPPPOS:  topic [ppppos]: frame_id: 'gps'; q size: 100
[novatel_oem7_driver_exe-1] [INFO] [1778684188.867353157] [novatel.oem7.main]: BESTPOS:  topic [bestpos]: frame_id: 'gps'; q size: 100
[novatel_oem7_driver_exe-1] [INFO] [1778684188.867905408] [novatel.oem7.main]: BESTVEL:  topic [bestvel]: frame_id: 'gps'; q size: 100
[novatel_oem7_driver_exe-1] [INFO] [1778684188.868384395] [novatel.oem7.main]: BESTUTM:  topic [bestutm]: frame_id: 'gps'; q size: 100
[novatel_oem7_driver_exe-1] [INFO] [1778684188.868906977] [novatel.oem7.main]: BESTGNSSPOS:  topic [bestgnsspos]: frame_id: 'gps'; q size: 100
[novatel_oem7_driver_exe-1] [INFO] [1778684188.869422659] [novatel.oem7.main]: INSPVA:  topic [inspva]: frame_id: 'gps'; q size: 100
[novatel_oem7_driver_exe-1] [INFO] [1778684188.869928230] [novatel.oem7.main]: GPSFix:  topic [gps]: frame_id: 'gps'; q size: 100
[novatel_oem7_driver_exe-1] [INFO] [1778684188.871606743] [novatel.oem7.main]: NavSatFix:  topic [fix]: frame_id: 'gps'; q size: 100
[novatel_oem7_driver_exe-1] [INFO] [1778684188.874536168] [novatel.oem7.main]: GPSFix position source: BESTPOS or INSPVAS based on quality
[novatel_oem7_driver_exe-1] [INFO] [1778684188.874793564] [novatel.oem7.main]: IMU:  topic [imu/data]: frame_id: 'imu_link'; q size: 100
[novatel_oem7_driver_exe-1] [INFO] [1778684188.875287566] [novatel.oem7.main]: RAWIMU:  topic [imu/data_raw]: frame_id: 'imu_link'; q size: 100
[novatel_oem7_driver_exe-1] [INFO] [1778684188.875617569] [novatel.oem7.main]: CORRIMU:  topic [corrimu]: frame_id: 'gps'; q size: 100
[novatel_oem7_driver_exe-1] [INFO] [1778684188.876086422] [novatel.oem7.main]: INSSTDEV:  topic [insstdev]: frame_id: 'gps'; q size: 10
[novatel_oem7_driver_exe-1] [INFO] [1778684188.876687631] [novatel.oem7.main]: INSPVAX:  topic [inspvax]: frame_id: 'gps'; q size: 10
[novatel_oem7_driver_exe-1] [INFO] [1778684188.877370323] [novatel.oem7.main]: INSCONFIG:  topic [insconfig]: frame_id: 'gps'; q size: 10
[novatel_oem7_driver_exe-1] [INFO] [1778684188.878256239] [novatel.oem7.main]: HEADING2:  topic [heading2]: frame_id: 'gps'; q size: 100
[novatel_oem7_driver_exe-1] [INFO] [1778684188.879101799] [novatel.oem7.main]: RXSTATUS:  topic [rxstatus]: frame_id: 'gps'; q size: 10
[novatel_oem7_driver_exe-1] [INFO] [1778684188.879881371] [novatel.oem7.main]: TERRASTARINFO:  topic [terrastarinfo]: frame_id: 'gps'; q size: 100
[novatel_oem7_driver_exe-1] [INFO] [1778684188.880522700] [novatel.oem7.main]: TERRASTARSTATUS:  topic [terrastarstatus]: frame_id: 'gps'; q size: 100
[novatel_oem7_driver_exe-1] [INFO] [1778684188.881252905] [novatel.oem7.main]: TIME:  topic [time]: frame_id: 'gps'; q size: 100
[novatel_oem7_driver_exe-1] [WARN] [1778684188.881964202] [novatel.oem7.main]: Message 'NMEA_Sentence' will not be published.
[novatel_oem7_driver_exe-1] [INFO] [1778684188.882945532] [novatel.oem7.main]: Odometry:  topic [odom]: frame_id: 'odom'; q size: 100
[novatel_oem7_driver_exe-1] [INFO] [1778684188.888567343] [novatel.oem7.main]: OdometryOrigin:  topic [odom_origin]: frame_id: 'odom'; q size: 100
[novatel_oem7_driver_exe-1] [INFO] [1778684188.894227118] [novatel.oem7.main]: Oem7 Raw message '42' will be published.
[novatel_oem7_driver_exe-1] [INFO] [1778684188.894252821] [novatel.oem7.main]: Oem7 Raw message '99' will be published.
[novatel_oem7_driver_exe-1] [INFO] [1778684188.894263675] [novatel.oem7.main]: Oem7 Raw message '1429' will be published.
[novatel_oem7_driver_exe-1] [INFO] [1778684188.894272482] [novatel.oem7.main]: Oem7 Raw message '1538' will be published.
[novatel_oem7_driver_exe-1] [INFO] [1778684188.894281465] [novatel.oem7.main]: Oem7 Raw message '1465' will be published.
[novatel_oem7_driver_exe-1] [INFO] [1778684188.894290704] [novatel.oem7.main]: Oem7 Raw message '1825' will be published.
[novatel_oem7_driver_exe-1] [INFO] [1778684188.894299625] [novatel.oem7.main]: Oem7 Raw message '1462' will be published.
[novatel_oem7_driver_exe-1] [INFO] [1778684188.894309352] [novatel.oem7.main]: Oem7 Raw message '41' will be published.
[novatel_oem7_driver_exe-1] [INFO] [1778684188.894318146] [novatel.oem7.main]: Oem7 Raw message '723' will be published.
[novatel_oem7_driver_exe-1] [INFO] [1778684188.894327032] [novatel.oem7.main]: Oem7 Raw message '1696' will be published.
[novatel_oem7_driver_exe-1] [INFO] [1778684188.894335979] [novatel.oem7.main]: Oem7 Raw message '1310' will be published.
[novatel_oem7_driver_exe-1] [INFO] [1778684188.894344775] [novatel.oem7.main]: Oem7 Raw message '1309' will be published.
[novatel_oem7_driver_exe-1] [INFO] [1778684188.894353517] [novatel.oem7.main]: Oem7 Raw message '43' will be published.
[novatel_oem7_driver_exe-1] [INFO] [1778684188.894362556] [novatel.oem7.main]: Oem7 Raw message '1335' will be published.
[novatel_oem7_driver_exe-1] [INFO] [1778684188.894398648] [novatel.oem7.main]: Oem7 Raw message '101' will be published.
[novatel_oem7_driver_exe-1] [INFO] [1778684188.894412356] [novatel.oem7.main]: Oem7 Raw message '93' will be published.
[novatel_oem7_driver_exe-1] [INFO] [1778684188.894421295] [novatel.oem7.main]: Oem7 Raw message '1945' will be published.
[novatel_oem7_driver_exe-1] [INFO] [1778684188.894429834] [novatel.oem7.main]: Oem7 Raw message '1719' will be published.
[novatel_oem7_driver_exe-1] [INFO] [1778684188.894438473] [novatel.oem7.main]: Oem7 Raw message '1720' will be published.
[novatel_oem7_driver_exe-1] [INFO] [1778684188.895607297] [novatel.oem7.main]: Oem7Net TCP['192.168.3.100' : 3001]
[novatel_oem7_driver_exe-1] [INFO] [1778684188.896655333] [novatel.oem7.main]: Oem7Net socket open: '1; OS error= 0
[novatel_oem7_driver_exe-1] [INFO] [1778684188.944589083] [novatel.oem7.main]: Standard Receiver Initialization:
[novatel_oem7_driver_exe-1] [INFO] [1778684188.989796175] [novatel.oem7.main]: AACmd 'UNLOGALL THISPORT' : 'OK'
[novatel_oem7_driver_exe-1] [INFO] [1778684189.061351004] [novatel.oem7.main]: AACmd 'LOG INSCONFIGB ONCE' : 'OK'
[novatel_oem7_driver_exe-1] [INFO] [1778684189.078986789] [novatel.oem7.main]: AACmd 'LOG TERRASTARINFOB ONCE' : 'OK'
[novatel_oem7_driver_exe-1] [INFO] [1778684189.097089035] [novatel.oem7.main]: AACmd 'LOG TERRASTARSTATUSB ONCE' : 'OK'
[novatel_oem7_driver_exe-1] [INFO] [1778684189.111107452] [novatel.oem7.main]: AACmd 'LOG TERRASTARINFOB ONTIME 300' : 'OK'
[novatel_oem7_driver_exe-1] [INFO] [1778684189.134006117] [novatel.oem7.main]: AACmd 'LOG TERRASTARSTATUSB ONTIME 300' : 'OK'
[novatel_oem7_driver_exe-1] [INFO] [1778684189.147738671] [novatel.oem7.main]: AACmd 'LOG INSCONFIGB ONTIME 300' : 'OK'
[novatel_oem7_driver_exe-1] [INFO] [1778684189.164641978] [novatel.oem7.main]: AACmd 'LOG RXSTATUSB ONCHANGED' : 'OK'
[novatel_oem7_driver_exe-1] [INFO] [1778684189.179843421] [novatel.oem7.main]: AACmd 'LOG BESTPOSB ONTIME 0.1' : 'OK'
[novatel_oem7_driver_exe-1] [INFO] [1778684189.193814666] [novatel.oem7.main]: AACmd 'LOG BESTVELB ONTIME 0.1' : 'OK'
[novatel_oem7_driver_exe-1] [INFO] [1778684189.227501628] [novatel.oem7.main]: AACmd 'LOG BESTUTMB ONTIME 1' : 'OK'
[novatel_oem7_driver_exe-1] [INFO] [1778684189.354690860] [novatel.oem7.main]: AACmd 'LOG BESTGNSSPOSB ONTIME 0.1' : 'OK'
[novatel_oem7_driver_exe-1] [INFO] [1778684189.366683137] [novatel.oem7.main]: AACmd 'LOG PPPPOSB ONTIME 1' : 'OK'
[novatel_oem7_driver_exe-1] [INFO] [1778684189.379989422] [novatel.oem7.main]: AACmd 'LOG HEADING2B ONNEW' : 'OK'
[novatel_oem7_driver_exe-1] [INFO] [1778684189.388753854] [novatel.oem7.main]: IMU: 41 'Epson G320N' rate= 125' gyro scale= 1.70442e-11' accel scale= 2.3942e-10
[novatel_oem7_driver_exe-1] [INFO] [1778684189.391791646] [novatel.oem7.main]: AACmd 'LOG PSRDOP2B ONCHANGED' : 'OK'
[novatel_oem7_driver_exe-1] [INFO] [1778684189.407960838] [novatel.oem7.main]: AACmd 'LOG INSPVASB ONTIME 0.02' : 'OK'
[novatel_oem7_driver_exe-1] [INFO] [1778684189.451781245] [novatel.oem7.main]: AACmd 'LOG INSPVAXB ONTIME 1' : 'OK'
[novatel_oem7_driver_exe-1] [INFO] [1778684189.459665329] [novatel.oem7.main]: AACmd 'LOG CORRIMUSB ONTIME 0.01' : 'OK'
[novatel_oem7_driver_exe-1] [INFO] [1778684189.484926165] [novatel.oem7.main]: AACmd 'LOG INSSTDEVB ONTIME 1' : 'OK'
[novatel_oem7_driver_exe-1] [INFO] [1778684189.525125134] [novatel.oem7.main]: AACmd 'LOG RAWIMUSXB ONNEW' : 'OK'
[novatel_oem7_driver_exe-1] [INFO] [1778684189.534998579] [novatel.oem7.main]: AACmd 'LOG TIMEB ONTIME 1' : 'OK'
[novatel_oem7_driver_exe-1] [INFO] [1778684189.550357903] [novatel.oem7.main]: AACmd 'LOG INSUPDATESTATUSB ONNEW' : 'OK'
[novatel_oem7_driver_exe-1] [INFO] [1778684189.558942635] [novatel.oem7.main]: AACmd 'LOG RAWEPHEMB ONNEW' : 'OK'
[novatel_oem7_driver_exe-1] [INFO] [1778684189.566642891] [novatel.oem7.main]: AACmd 'LOG GLOEPHEMERISB ONNEW' : 'OK'
[novatel_oem7_driver_exe-1] [INFO] [1778684189.578098623] [novatel.oem7.main]: AACmd 'LOG BDSEPHEMERISB ONNEW' : 'OK'
[novatel_oem7_driver_exe-1] [INFO] [1778684189.589722522] [novatel.oem7.main]: AACmd 'LOG GALFNAVEPHEMERISB ONNEW' : 'OK'
[novatel_oem7_driver_exe-1] [INFO] [1778684189.616910558] [novatel.oem7.main]: AACmd 'LOG GALINAVEPHEMERISB ONNEW' : 'OK'
[novatel_oem7_driver_exe-1] [INFO] [1778684189.622741872] [novatel.oem7.main]: AACmd 'LOG RANGEB ONTIME 1' : 'OK'
[novatel_oem7_driver_exe-1] [INFO] [1778684189.622780493] [novatel.oem7.main]: Extended Receiver Initialization:
[novatel_oem7_driver_exe-1] [INFO] [1778684189.622826950] [novatel.oem7.main]: Receiver Initialization completed, errors= 0
[novatel_oem7_driver_exe-1] [INFO] [1778684189.634235391] [novatel.oem7.main]: GPSFix position source= INSPVA: 0 --> 0 at GPSTime[2418 313007640]
[novatel_oem7_driver_exe-1] [ERROR] [1778684189.634327203] [novatel.oem7.main]: No BESTPOS or INSPVAX to get undulation
[novatel_oem7_driver_exe-1] [ERROR] [1778684189.653781844] [novatel.oem7.main]: No BESTPOS or INSPVAX to get undulation
[novatel_oem7_driver_exe-1] [ERROR] [1778684189.674481064] [novatel.oem7.main]: No BESTPOS or INSPVAX to get undulation
[novatel_oem7_driver_exe-1] [ERROR] [1778684189.694396385] [novatel.oem7.main]: No BESTPOS or INSPVAX to get undulation
[novatel_oem7_driver_exe-1] [INFO] [1778684190.013339591] [novatel.oem7.main]: GPSFix position source= INSPVA: 0 --> 1 at GPSTime[2418 313008020]
[novatel_oem7_driver_exe-1] [INFO] [1778684190.021380609] [novatel.oem7.main]: UTM new Zone:  -1 --> 18; N: 1 X: 435066 Y: 4.39072e+06
