threaded mqtt broker listening on 0.0.0.0:1883
1778794224.075686 accept ('127.0.0.1', 57598)
1778794224.076437 subscribe ('127.0.0.1', 57598) ipi/moved-location/latency/av-1/request
1778794231.068366 accept ('10.120.121.43', 37040)
1778794231.088356 subscribe ('10.120.121.43', 37040) ipi/moved-location/latency/av-1/ack
1778794235.021120 publish topic=ipi/moved-location/latency/av-1/request bytes=1048915 forwarded=1
1778794235.024691 publish topic=ipi/moved-location/latency/av-1/ack bytes=234 forwarded=1
1778794239.136132 publish topic=ipi/moved-location/latency/av-1/request bytes=1048915 forwarded=1
1778794239.138357 publish topic=ipi/moved-location/latency/av-1/ack bytes=234 forwarded=1
1778794243.319288 publish topic=ipi/moved-location/latency/av-1/request bytes=1048915 forwarded=1
1778794243.324706 publish topic=ipi/moved-location/latency/av-1/ack bytes=234 forwarded=1
1778794246.454684 publish topic=ipi/moved-location/latency/av-1/request bytes=1048915 forwarded=1
1778794246.460287 publish topic=ipi/moved-location/latency/av-1/ack bytes=234 forwarded=1
1778794249.664703 publish topic=ipi/moved-location/latency/av-1/request bytes=1048915 forwarded=1
1778794249.666640 publish topic=ipi/moved-location/latency/av-1/ack bytes=234 forwarded=1
1778794253.518286 publish topic=ipi/moved-location/latency/av-1/request bytes=1048915 forwarded=1
1778794253.521858 publish topic=ipi/moved-location/latency/av-1/ack bytes=234 forwarded=1
1778794257.142204 publish topic=ipi/moved-location/latency/av-1/request bytes=1048915 forwarded=1
1778794257.147600 publish topic=ipi/moved-location/latency/av-1/ack bytes=234 forwarded=1
1778794260.621845 publish topic=ipi/moved-location/latency/av-1/request bytes=1048915 forwarded=1
1778794260.623810 publish topic=ipi/moved-location/latency/av-1/ack bytes=234 forwarded=1
1778794264.835292 publish topic=ipi/moved-location/latency/av-1/request bytes=1048915 forwarded=1
1778794264.840846 publish topic=ipi/moved-location/latency/av-1/ack bytes=234 forwarded=1
1778794268.621680 publish topic=ipi/moved-location/latency/av-1/request bytes=1048917 forwarded=1
1778794268.627278 publish topic=ipi/moved-location/latency/av-1/ack bytes=235 forwarded=1
1778794271.957199 publish topic=ipi/moved-location/latency/av-1/request bytes=1048917 forwarded=1
1778794271.962558 publish topic=ipi/moved-location/latency/av-1/ack bytes=235 forwarded=1
1778794275.332967 publish topic=ipi/moved-location/latency/av-1/request bytes=1048917 forwarded=1
1778794275.339125 publish topic=ipi/moved-location/latency/av-1/ack bytes=235 forwarded=1
1778794279.251610 publish topic=ipi/moved-location/latency/av-1/request bytes=1048917 forwarded=1
1778794279.257307 publish topic=ipi/moved-location/latency/av-1/ack bytes=235 forwarded=1
1778794282.449369 publish topic=ipi/moved-location/latency/av-1/request bytes=1048917 forwarded=1
1778794282.451322 publish topic=ipi/moved-location/latency/av-1/ack bytes=235 forwarded=1
1778794286.203159 publish topic=ipi/moved-location/latency/av-1/request bytes=1048917 forwarded=1
1778794286.206494 publish topic=ipi/moved-location/latency/av-1/ack bytes=235 forwarded=1
1778794289.867351 publish topic=ipi/moved-location/latency/av-1/request bytes=1048917 forwarded=1
1778794289.871886 publish topic=ipi/moved-location/latency/av-1/ack bytes=235 forwarded=1
1778794295.107420 publish topic=ipi/moved-location/latency/av-1/request bytes=1048917 forwarded=1
1778794295.113031 publish topic=ipi/moved-location/latency/av-1/ack bytes=235 forwarded=1
1778794300.738527 publish topic=ipi/moved-location/latency/av-1/request bytes=1048917 forwarded=1
1778794300.744167 publish topic=ipi/moved-location/latency/av-1/ack bytes=235 forwarded=1
1778794306.087577 publish topic=ipi/moved-location/latency/av-1/request bytes=1048917 forwarded=1
1778794306.093119 publish topic=ipi/moved-location/latency/av-1/ack bytes=235 forwarded=1
1778794310.224107 publish topic=ipi/moved-location/latency/av-1/request bytes=1048917 forwarded=1
1778794310.229788 publish topic=ipi/moved-location/latency/av-1/ack bytes=235 forwarded=1
1778794314.970626 publish topic=ipi/moved-location/latency/av-1/request bytes=1048917 forwarded=1
1778794314.976132 publish topic=ipi/moved-location/latency/av-1/ack bytes=235 forwarded=1
1778794319.858168 publish topic=ipi/moved-location/latency/av-1/request bytes=1048917 forwarded=1
1778794319.863707 publish topic=ipi/moved-location/latency/av-1/ack bytes=235 forwarded=1
1778794323.844862 publish topic=ipi/moved-location/latency/av-1/request bytes=1048917 forwarded=1
1778794323.850404 publish topic=ipi/moved-location/latency/av-1/ack bytes=235 forwarded=1
1778794329.013387 publish topic=ipi/moved-location/latency/av-1/request bytes=1048917 forwarded=1
1778794329.017685 publish topic=ipi/moved-location/latency/av-1/ack bytes=235 forwarded=1
1778794333.060122 publish topic=ipi/moved-location/latency/av-1/request bytes=1048917 forwarded=1
1778794333.065730 publish topic=ipi/moved-location/latency/av-1/ack bytes=235 forwarded=1
1778794337.507112 publish topic=ipi/moved-location/latency/av-1/request bytes=1048917 forwarded=1
1778794337.512649 publish topic=ipi/moved-location/latency/av-1/ack bytes=235 forwarded=1
1778794341.634541 publish topic=ipi/moved-location/latency/av-1/request bytes=1048917 forwarded=1
1778794341.639931 publish topic=ipi/moved-location/latency/av-1/ack bytes=235 forwarded=1
1778794345.314844 publish topic=ipi/moved-location/latency/av-1/request bytes=1048917 forwarded=1
1778794345.316950 publish topic=ipi/moved-location/latency/av-1/ack bytes=235 forwarded=1
1778794349.139152 publish topic=ipi/moved-location/latency/av-1/request bytes=1048917 forwarded=1
1778794349.144743 publish topic=ipi/moved-location/latency/av-1/ack bytes=235 forwarded=1
1778794352.953692 publish topic=ipi/moved-location/latency/av-1/request bytes=1048917 forwarded=1
1778794352.959305 publish topic=ipi/moved-location/latency/av-1/ack bytes=235 forwarded=1
1778794358.202496 publish topic=ipi/moved-location/latency/av-1/request bytes=1048917 forwarded=1
1778794358.207876 publish topic=ipi/moved-location/latency/av-1/ack bytes=235 forwarded=1
1778794362.590145 publish topic=ipi/moved-location/latency/av-1/request bytes=1048917 forwarded=1
1778794362.596282 publish topic=ipi/moved-location/latency/av-1/ack bytes=235 forwarded=1
1778794366.448923 publish topic=ipi/moved-location/latency/av-1/request bytes=1048917 forwarded=1
1778794366.454564 publish topic=ipi/moved-location/latency/av-1/ack bytes=235 forwarded=1
1778794370.235483 publish topic=ipi/moved-location/latency/av-1/request bytes=1048917 forwarded=1
1778794370.238830 publish topic=ipi/moved-location/latency/av-1/ack bytes=235 forwarded=1
1778794374.500513 publish topic=ipi/moved-location/latency/av-1/request bytes=1048917 forwarded=1
1778794374.505172 publish topic=ipi/moved-location/latency/av-1/ack bytes=235 forwarded=1
1778794377.778359 publish topic=ipi/moved-location/latency/av-1/request bytes=1048917 forwarded=1
1778794377.783726 publish topic=ipi/moved-location/latency/av-1/ack bytes=235 forwarded=1
1778794381.031383 publish topic=ipi/moved-location/latency/av-1/request bytes=1048917 forwarded=1
1778794381.036739 publish topic=ipi/moved-location/latency/av-1/ack bytes=235 forwarded=1
1778794384.928020 publish topic=ipi/moved-location/latency/av-1/request bytes=1048917 forwarded=1
1778794384.931617 publish topic=ipi/moved-location/latency/av-1/ack bytes=235 forwarded=1
1778794388.574387 publish topic=ipi/moved-location/latency/av-1/request bytes=1048917 forwarded=1
1778794388.580016 publish topic=ipi/moved-location/latency/av-1/ack bytes=235 forwarded=1
1778794392.125378 publish topic=ipi/moved-location/latency/av-1/request bytes=1048917 forwarded=1
1778794392.127261 publish topic=ipi/moved-location/latency/av-1/ack bytes=235 forwarded=1
1778794396.898779 publish topic=ipi/moved-location/latency/av-1/request bytes=1048917 forwarded=1
1778794396.904431 publish topic=ipi/moved-location/latency/av-1/ack bytes=235 forwarded=1
1778794400.364497 publish topic=ipi/moved-location/latency/av-1/request bytes=1048917 forwarded=1
1778794400.370152 publish topic=ipi/moved-location/latency/av-1/ack bytes=235 forwarded=1
1778794405.045099 publish topic=ipi/moved-location/latency/av-1/request bytes=1048917 forwarded=1
1778794405.050508 publish topic=ipi/moved-location/latency/av-1/ack bytes=235 forwarded=1
1778794408.318210 publish topic=ipi/moved-location/latency/av-1/request bytes=1048917 forwarded=1
1778794408.323843 publish topic=ipi/moved-location/latency/av-1/ack bytes=235 forwarded=1
1778794412.050044 publish topic=ipi/moved-location/latency/av-1/request bytes=1048917 forwarded=1
1778794412.052015 publish topic=ipi/moved-location/latency/av-1/ack bytes=235 forwarded=1
1778794417.163882 publish topic=ipi/moved-location/latency/av-1/request bytes=1048917 forwarded=1
1778794417.169342 publish topic=ipi/moved-location/latency/av-1/ack bytes=235 forwarded=1
1778794420.991209 publish topic=ipi/moved-location/latency/av-1/request bytes=1048917 forwarded=1
1778794420.996852 publish topic=ipi/moved-location/latency/av-1/ack bytes=235 forwarded=1
1778794424.710613 publish topic=ipi/moved-location/latency/av-1/request bytes=1048917 forwarded=1
1778794424.716234 publish topic=ipi/moved-location/latency/av-1/ack bytes=235 forwarded=1
1778794429.206501 publish topic=ipi/moved-location/latency/av-1/request bytes=1048917 forwarded=1
1778794429.212130 publish topic=ipi/moved-location/latency/av-1/ack bytes=235 forwarded=1
1778794433.105441 publish topic=ipi/moved-location/latency/av-1/request bytes=1048917 forwarded=1
1778794433.110956 publish topic=ipi/moved-location/latency/av-1/ack bytes=235 forwarded=1
1778794438.211741 publish topic=ipi/moved-location/latency/av-1/request bytes=1048917 forwarded=1
1778794438.217208 publish topic=ipi/moved-location/latency/av-1/ack bytes=235 forwarded=1
1778794442.158669 publish topic=ipi/moved-location/latency/av-1/request bytes=1048917 forwarded=1
1778794442.164147 publish topic=ipi/moved-location/latency/av-1/ack bytes=235 forwarded=1
1778794445.838013 publish topic=ipi/moved-location/latency/av-1/request bytes=1048917 forwarded=1
1778794445.843780 publish topic=ipi/moved-location/latency/av-1/ack bytes=235 forwarded=1
1778794451.204303 publish topic=ipi/moved-location/latency/av-1/request bytes=1048917 forwarded=1
1778794451.209914 publish topic=ipi/moved-location/latency/av-1/ack bytes=235 forwarded=1
1778794455.162735 publish topic=ipi/moved-location/latency/av-1/request bytes=1048917 forwarded=1
1778794455.168105 publish topic=ipi/moved-location/latency/av-1/ack bytes=235 forwarded=1
1778794459.347351 publish topic=ipi/moved-location/latency/av-1/request bytes=1048917 forwarded=1
1778794459.351669 publish topic=ipi/moved-location/latency/av-1/ack bytes=235 forwarded=1
1778794464.155328 publish topic=ipi/moved-location/latency/av-1/request bytes=1048917 forwarded=1
1778794464.160953 publish topic=ipi/moved-location/latency/av-1/ack bytes=235 forwarded=1
1778794468.121618 publish topic=ipi/moved-location/latency/av-1/request bytes=1048917 forwarded=1
1778794468.127010 publish topic=ipi/moved-location/latency/av-1/ack bytes=235 forwarded=1
1778794472.629570 publish topic=ipi/moved-location/latency/av-1/request bytes=1048917 forwarded=1
1778794472.634973 publish topic=ipi/moved-location/latency/av-1/ack bytes=235 forwarded=1
1778794476.220475 publish topic=ipi/moved-location/latency/av-1/request bytes=1048917 forwarded=1
1778794476.225933 publish topic=ipi/moved-location/latency/av-1/ack bytes=235 forwarded=1
1778794479.451243 publish topic=ipi/moved-location/latency/av-1/request bytes=1048917 forwarded=1
1778794479.456841 publish topic=ipi/moved-location/latency/av-1/ack bytes=235 forwarded=1
1778794482.851018 publish topic=ipi/moved-location/latency/av-1/request bytes=1048917 forwarded=1
1778794482.852979 publish topic=ipi/moved-location/latency/av-1/ack bytes=235 forwarded=1
1778794486.926287 publish topic=ipi/moved-location/latency/av-1/request bytes=1048917 forwarded=1
1778794486.931794 publish topic=ipi/moved-location/latency/av-1/ack bytes=235 forwarded=1
1778794490.169697 publish topic=ipi/moved-location/latency/av-1/request bytes=1048917 forwarded=1
1778794490.175002 publish topic=ipi/moved-location/latency/av-1/ack bytes=235 forwarded=1
1778794494.847577 publish topic=ipi/moved-location/latency/av-1/request bytes=1048917 forwarded=1
1778794494.852957 publish topic=ipi/moved-location/latency/av-1/ack bytes=235 forwarded=1
1778794498.774585 publish topic=ipi/moved-location/latency/av-1/request bytes=1048917 forwarded=1
1778794498.779866 publish topic=ipi/moved-location/latency/av-1/ack bytes=235 forwarded=1
1778794502.480265 publish topic=ipi/moved-location/latency/av-1/request bytes=1048917 forwarded=1
1778794502.485724 publish topic=ipi/moved-location/latency/av-1/ack bytes=235 forwarded=1
1778794507.070951 publish topic=ipi/moved-location/latency/av-1/request bytes=1048917 forwarded=1
1778794507.072924 publish topic=ipi/moved-location/latency/av-1/ack bytes=235 forwarded=1
1778794510.872460 publish topic=ipi/moved-location/latency/av-1/request bytes=1048917 forwarded=1
1778794510.876481 publish topic=ipi/moved-location/latency/av-1/ack bytes=235 forwarded=1
1778794515.754743 publish topic=ipi/moved-location/latency/av-1/request bytes=1048917 forwarded=1
1778794515.756695 publish topic=ipi/moved-location/latency/av-1/ack bytes=235 forwarded=1
1778794519.588397 publish topic=ipi/moved-location/latency/av-1/request bytes=1048917 forwarded=1
1778794519.593753 publish topic=ipi/moved-location/latency/av-1/ack bytes=235 forwarded=1
1778794523.652107 publish topic=ipi/moved-location/latency/av-1/request bytes=1048917 forwarded=1
1778794523.657651 publish topic=ipi/moved-location/latency/av-1/ack bytes=235 forwarded=1
1778794527.257740 publish topic=ipi/moved-location/latency/av-1/request bytes=1048917 forwarded=1
1778794527.263484 publish topic=ipi/moved-location/latency/av-1/ack bytes=235 forwarded=1
1778794531.254229 publish topic=ipi/moved-location/latency/av-1/request bytes=1048917 forwarded=1
1778794531.259659 publish topic=ipi/moved-location/latency/av-1/ack bytes=235 forwarded=1
1778794535.706369 publish topic=ipi/moved-location/latency/av-1/request bytes=1048917 forwarded=1
1778794535.712211 publish topic=ipi/moved-location/latency/av-1/ack bytes=235 forwarded=1
1778794539.099560 publish topic=ipi/moved-location/latency/av-1/request bytes=1048917 forwarded=1
1778794539.105298 publish topic=ipi/moved-location/latency/av-1/ack bytes=235 forwarded=1
1778794543.013548 publish topic=ipi/moved-location/latency/av-1/request bytes=1048917 forwarded=1
1778794543.019316 publish topic=ipi/moved-location/latency/av-1/ack bytes=235 forwarded=1
1778794547.851885 publish topic=ipi/moved-location/latency/av-1/request bytes=1048917 forwarded=1
1778794547.857432 publish topic=ipi/moved-location/latency/av-1/ack bytes=235 forwarded=1
1778794551.759061 publish topic=ipi/moved-location/latency/av-1/request bytes=1048917 forwarded=1
1778794551.764510 publish topic=ipi/moved-location/latency/av-1/ack bytes=235 forwarded=1
1778794556.707957 publish topic=ipi/moved-location/latency/av-1/request bytes=1048917 forwarded=1
1778794556.713752 publish topic=ipi/moved-location/latency/av-1/ack bytes=235 forwarded=1
1778794560.529318 publish topic=ipi/moved-location/latency/av-1/request bytes=1048917 forwarded=1
1778794560.531368 publish topic=ipi/moved-location/latency/av-1/ack bytes=235 forwarded=1
1778794565.042308 publish topic=ipi/moved-location/latency/av-1/request bytes=1048917 forwarded=1
1778794565.048044 publish topic=ipi/moved-location/latency/av-1/ack bytes=235 forwarded=1
1778794569.384343 publish topic=ipi/moved-location/latency/av-1/request bytes=1048917 forwarded=1
1778794569.386517 publish topic=ipi/moved-location/latency/av-1/ack bytes=235 forwarded=1
1778794572.958482 publish topic=ipi/moved-location/latency/av-1/request bytes=1048917 forwarded=1
1778794572.964132 publish topic=ipi/moved-location/latency/av-1/ack bytes=235 forwarded=1
1778794577.844526 publish topic=ipi/moved-location/latency/av-1/request bytes=1048917 forwarded=1
1778794577.850157 publish topic=ipi/moved-location/latency/av-1/ack bytes=235 forwarded=1
1778794581.862068 publish topic=ipi/moved-location/latency/av-1/request bytes=1048917 forwarded=1
1778794581.867805 publish topic=ipi/moved-location/latency/av-1/ack bytes=235 forwarded=1
1778794585.810068 publish topic=ipi/moved-location/latency/av-1/request bytes=1048917 forwarded=1
1778794585.814694 publish topic=ipi/moved-location/latency/av-1/ack bytes=235 forwarded=1
1778794590.452100 publish topic=ipi/moved-location/latency/av-1/request bytes=1048917 forwarded=1
1778794590.454144 publish topic=ipi/moved-location/latency/av-1/ack bytes=235 forwarded=1
1778794593.966388 publish topic=ipi/moved-location/latency/av-1/request bytes=1048917 forwarded=1
1778794593.972040 publish topic=ipi/moved-location/latency/av-1/ack bytes=235 forwarded=1
1778794598.300576 publish topic=ipi/moved-location/latency/av-1/request bytes=1048917 forwarded=1
1778794598.306093 publish topic=ipi/moved-location/latency/av-1/ack bytes=235 forwarded=1
1778794602.406013 publish topic=ipi/moved-location/latency/av-1/request bytes=1048917 forwarded=1
1778794602.411829 publish topic=ipi/moved-location/latency/av-1/ack bytes=235 forwarded=1
1778794605.741066 publish topic=ipi/moved-location/latency/av-1/request bytes=1048917 forwarded=1
1778794605.746251 publish topic=ipi/moved-location/latency/av-1/ack bytes=235 forwarded=1
1778794609.837828 publish topic=ipi/moved-location/latency/av-1/request bytes=1048917 forwarded=1
1778794609.843107 publish topic=ipi/moved-location/latency/av-1/ack bytes=235 forwarded=1
1778794615.087104 publish topic=ipi/moved-location/latency/av-1/request bytes=1048917 forwarded=1
1778794615.092806 publish topic=ipi/moved-location/latency/av-1/ack bytes=235 forwarded=1
1778794619.484630 publish topic=ipi/moved-location/latency/av-1/request bytes=1048917 forwarded=1
1778794619.490011 publish topic=ipi/moved-location/latency/av-1/ack bytes=235 forwarded=1
1778794623.100936 publish topic=ipi/moved-location/latency/av-1/request bytes=1048917 forwarded=1
1778794623.106662 publish topic=ipi/moved-location/latency/av-1/ack bytes=235 forwarded=1
1778794627.648657 publish topic=ipi/moved-location/latency/av-1/request bytes=1048917 forwarded=1
1778794627.653999 publish topic=ipi/moved-location/latency/av-1/ack bytes=235 forwarded=1
1778794632.100743 publish topic=ipi/moved-location/latency/av-1/request bytes=1048917 forwarded=1
1778794632.102895 publish topic=ipi/moved-location/latency/av-1/ack bytes=235 forwarded=1
1778794636.247903 publish topic=ipi/moved-location/latency/av-1/request bytes=1048917 forwarded=1
1778794636.249925 publish topic=ipi/moved-location/latency/av-1/ack bytes=235 forwarded=1
1778794638.536809 close ('10.120.121.43', 37040) closed
1778794639.780292 close ('127.0.0.1', 57598) closed
